05:32:11 INFO  : Registering command handlers for SDK TCF services
05:32:12 INFO  : Launching XSCT server: xsct.bat -interactive C:\Users\poyisamu\fifoStream\fifoStream.sdk\temp_xsdb_launch_script.tcl
05:32:15 INFO  : XSCT server has started successfully.
05:32:15 INFO  : Successfully done setting XSCT server connection channel  
05:32:18 INFO  : Processing command line option -hwspec C:/Users/poyisamu/fifoStream/fifoStream.sdk/canteloupe_wrapper.hdf.
05:32:18 INFO  : Successfully done setting SDK workspace  
05:34:33 INFO  : 'targets -set -filter {jtag_cable_name =~ "Digilent Nexys4DDR 210292646030A" && level==0} -index 0' command is executed.
05:34:33 INFO  : 'fpga -state' command is executed.
05:34:33 INFO  : Connected to target on host '127.0.0.1' and port '3121'.
05:34:33 INFO  : Jtag cable 'Digilent Nexys4DDR 210292646030A' is selected.
05:34:33 INFO  : 'jtag frequency' command is executed.
05:34:33 INFO  : 'configparams mdm-detect-bscan-mask 2' command is executed.
05:34:38 ERROR : no targets found with "name =~ "microblaze*#0" && bscan=="USER2"  && jtag_cable_name =~ "Digilent Nexys4DDR 210292646030A"". available targets:
  1* xc7a100t
     2  Legacy Debug Hub
05:34:38 INFO  : ----------------XSDB Script----------------
connect -url tcp:127.0.0.1:3121
configparams mdm-detect-bscan-mask 2
targets -set -nocase -filter {name =~ "microblaze*#0" && bscan=="USER2"  && jtag_cable_name =~ "Digilent Nexys4DDR 210292646030A"} -index 0
----------------End of Script----------------

05:35:12 INFO  : Connected to target on host '127.0.0.1' and port '3121'.
05:35:12 INFO  : 'targets -set -filter {jtag_cable_name =~ "Digilent Nexys4DDR 210292646030A" && level==0} -index 0' command is executed.
05:35:14 INFO  : FPGA configured successfully with bitstream "C:/Users/poyisamu/fifoStream/fifoStream.sdk/canteloupe_wrapper_hw_platform_0/download.bit"
05:35:21 INFO  : 'targets -set -filter {jtag_cable_name =~ "Digilent Nexys4DDR 210292646030A" && level==0} -index 0' command is executed.
05:35:21 INFO  : 'fpga -state' command is executed.
05:35:21 INFO  : Connected to target on host '127.0.0.1' and port '3121'.
05:35:21 INFO  : Jtag cable 'Digilent Nexys4DDR 210292646030A' is selected.
05:35:22 INFO  : 'jtag frequency' command is executed.
05:35:22 INFO  : 'configparams mdm-detect-bscan-mask 2' command is executed.
05:35:22 INFO  : Context for processor 'microblaze_0' is selected.
05:35:22 INFO  : Processor reset is completed for 'microblaze_0'.
05:35:22 INFO  : Context for processor 'microblaze_0' is selected.
05:35:22 INFO  : The application 'C:/Users/poyisamu/fifoStream/fifoStream.sdk/streamFIFO/Debug/streamFIFO.elf' is downloaded to processor 'microblaze_0'.
05:35:22 INFO  : ----------------XSDB Script----------------
connect -url tcp:127.0.0.1:3121
configparams mdm-detect-bscan-mask 2
targets -set -nocase -filter {name =~ "microblaze*#0" && bscan=="USER2"  && jtag_cable_name =~ "Digilent Nexys4DDR 210292646030A"} -index 0
rst -processor
targets -set -nocase -filter {name =~ "microblaze*#0" && bscan=="USER2"  && jtag_cable_name =~ "Digilent Nexys4DDR 210292646030A"} -index 0
dow C:/Users/poyisamu/fifoStream/fifoStream.sdk/streamFIFO/Debug/streamFIFO.elf
----------------End of Script----------------

05:35:22 INFO  : Context for processor 'microblaze_0' is selected.
05:35:22 INFO  : 'con' command is executed.
05:35:22 INFO  : ----------------XSDB Script (After Launch)----------------
targets -set -nocase -filter {name =~ "microblaze*#0" && bscan=="USER2"  && jtag_cable_name =~ "Digilent Nexys4DDR 210292646030A"} -index 0
con
----------------End of Script----------------

05:35:22 INFO  : Disconnected from the channel tcfchan#1.
05:35:48 INFO  : 'targets -set -filter {jtag_cable_name =~ "Digilent Nexys4DDR 210292646030A" && level==0} -index 0' command is executed.
05:35:48 INFO  : 'fpga -state' command is executed.
05:35:48 INFO  : Connected to target on host '127.0.0.1' and port '3121'.
05:35:49 INFO  : Jtag cable 'Digilent Nexys4DDR 210292646030A' is selected.
05:35:49 INFO  : 'jtag frequency' command is executed.
05:35:49 INFO  : 'configparams mdm-detect-bscan-mask 2' command is executed.
05:35:49 INFO  : Context for processor 'microblaze_0' is selected.
05:35:49 INFO  : Processor reset is completed for 'microblaze_0'.
05:35:49 INFO  : Context for processor 'microblaze_0' is selected.
05:35:49 INFO  : The application 'C:/Users/poyisamu/fifoStream/fifoStream.sdk/streamFIFO/Debug/streamFIFO.elf' is downloaded to processor 'microblaze_0'.
05:35:49 INFO  : ----------------XSDB Script----------------
connect -url tcp:127.0.0.1:3121
configparams mdm-detect-bscan-mask 2
targets -set -nocase -filter {name =~ "microblaze*#0" && bscan=="USER2"  && jtag_cable_name =~ "Digilent Nexys4DDR 210292646030A"} -index 0
rst -processor
targets -set -nocase -filter {name =~ "microblaze*#0" && bscan=="USER2"  && jtag_cable_name =~ "Digilent Nexys4DDR 210292646030A"} -index 0
dow C:/Users/poyisamu/fifoStream/fifoStream.sdk/streamFIFO/Debug/streamFIFO.elf
----------------End of Script----------------

05:35:49 INFO  : Context for processor 'microblaze_0' is selected.
05:35:49 INFO  : 'con' command is executed.
05:35:49 INFO  : ----------------XSDB Script (After Launch)----------------
targets -set -nocase -filter {name =~ "microblaze*#0" && bscan=="USER2"  && jtag_cable_name =~ "Digilent Nexys4DDR 210292646030A"} -index 0
con
----------------End of Script----------------

05:35:49 INFO  : Disconnected from the channel tcfchan#2.
05:36:12 INFO  : 'targets -set -filter {jtag_cable_name =~ "Digilent Nexys4DDR 210292646030A" && level==0} -index 0' command is executed.
05:36:12 INFO  : 'fpga -state' command is executed.
05:36:12 INFO  : Connected to target on host '127.0.0.1' and port '3121'.
05:36:13 INFO  : Jtag cable 'Digilent Nexys4DDR 210292646030A' is selected.
05:36:13 INFO  : 'jtag frequency' command is executed.
05:36:13 INFO  : 'configparams mdm-detect-bscan-mask 2' command is executed.
05:36:13 INFO  : Context for processor 'microblaze_0' is selected.
05:36:13 INFO  : Processor reset is completed for 'microblaze_0'.
05:36:13 INFO  : Context for processor 'microblaze_0' is selected.
05:36:13 INFO  : The application 'C:/Users/poyisamu/fifoStream/fifoStream.sdk/streamFIFO/Debug/streamFIFO.elf' is downloaded to processor 'microblaze_0'.
05:36:13 INFO  : ----------------XSDB Script----------------
connect -url tcp:127.0.0.1:3121
configparams mdm-detect-bscan-mask 2
targets -set -nocase -filter {name =~ "microblaze*#0" && bscan=="USER2"  && jtag_cable_name =~ "Digilent Nexys4DDR 210292646030A"} -index 0
rst -processor
targets -set -nocase -filter {name =~ "microblaze*#0" && bscan=="USER2"  && jtag_cable_name =~ "Digilent Nexys4DDR 210292646030A"} -index 0
dow C:/Users/poyisamu/fifoStream/fifoStream.sdk/streamFIFO/Debug/streamFIFO.elf
----------------End of Script----------------

05:36:13 INFO  : Context for processor 'microblaze_0' is selected.
05:36:13 INFO  : 'con' command is executed.
05:36:13 INFO  : ----------------XSDB Script (After Launch)----------------
targets -set -nocase -filter {name =~ "microblaze*#0" && bscan=="USER2"  && jtag_cable_name =~ "Digilent Nexys4DDR 210292646030A"} -index 0
con
----------------End of Script----------------

05:36:13 INFO  : Disconnected from the channel tcfchan#3.
05:37:42 INFO  : 'targets -set -filter {jtag_cable_name =~ "Digilent Nexys4DDR 210292646030A" && level==0} -index 0' command is executed.
05:37:42 INFO  : 'fpga -state' command is executed.
05:37:42 INFO  : Connected to target on host '127.0.0.1' and port '3121'.
05:37:42 INFO  : Jtag cable 'Digilent Nexys4DDR 210292646030A' is selected.
05:37:42 INFO  : 'jtag frequency' command is executed.
05:37:42 INFO  : 'configparams mdm-detect-bscan-mask 2' command is executed.
05:37:42 INFO  : Context for processor 'microblaze_0' is selected.
05:37:42 INFO  : Processor reset is completed for 'microblaze_0'.
05:37:42 INFO  : Context for processor 'microblaze_0' is selected.
05:37:42 INFO  : The application 'C:/Users/poyisamu/fifoStream/fifoStream.sdk/streamFIFO/Debug/streamFIFO.elf' is downloaded to processor 'microblaze_0'.
05:37:42 INFO  : ----------------XSDB Script----------------
connect -url tcp:127.0.0.1:3121
configparams mdm-detect-bscan-mask 2
targets -set -nocase -filter {name =~ "microblaze*#0" && bscan=="USER2"  && jtag_cable_name =~ "Digilent Nexys4DDR 210292646030A"} -index 0
rst -processor
targets -set -nocase -filter {name =~ "microblaze*#0" && bscan=="USER2"  && jtag_cable_name =~ "Digilent Nexys4DDR 210292646030A"} -index 0
dow C:/Users/poyisamu/fifoStream/fifoStream.sdk/streamFIFO/Debug/streamFIFO.elf
----------------End of Script----------------

05:37:42 INFO  : Context for processor 'microblaze_0' is selected.
05:37:42 INFO  : 'con' command is executed.
05:37:42 INFO  : ----------------XSDB Script (After Launch)----------------
targets -set -nocase -filter {name =~ "microblaze*#0" && bscan=="USER2"  && jtag_cable_name =~ "Digilent Nexys4DDR 210292646030A"} -index 0
con
----------------End of Script----------------

05:37:43 INFO  : Disconnected from the channel tcfchan#4.
05:40:22 INFO  : 'targets -set -filter {jtag_cable_name =~ "Digilent Nexys4DDR 210292646030A" && level==0} -index 0' command is executed.
05:40:22 INFO  : 'fpga -state' command is executed.
05:40:22 INFO  : Connected to target on host '127.0.0.1' and port '3121'.
05:40:23 INFO  : Jtag cable 'Digilent Nexys4DDR 210292646030A' is selected.
05:40:23 INFO  : 'jtag frequency' command is executed.
05:40:23 INFO  : 'configparams mdm-detect-bscan-mask 2' command is executed.
05:40:23 INFO  : Context for processor 'microblaze_0' is selected.
05:40:23 INFO  : Processor reset is completed for 'microblaze_0'.
05:40:23 INFO  : Context for processor 'microblaze_0' is selected.
05:40:23 INFO  : The application 'C:/Users/poyisamu/fifoStream/fifoStream.sdk/streamFIFO/Debug/streamFIFO.elf' is downloaded to processor 'microblaze_0'.
05:40:23 INFO  : ----------------XSDB Script----------------
connect -url tcp:127.0.0.1:3121
configparams mdm-detect-bscan-mask 2
targets -set -nocase -filter {name =~ "microblaze*#0" && bscan=="USER2"  && jtag_cable_name =~ "Digilent Nexys4DDR 210292646030A"} -index 0
rst -processor
targets -set -nocase -filter {name =~ "microblaze*#0" && bscan=="USER2"  && jtag_cable_name =~ "Digilent Nexys4DDR 210292646030A"} -index 0
dow C:/Users/poyisamu/fifoStream/fifoStream.sdk/streamFIFO/Debug/streamFIFO.elf
----------------End of Script----------------

05:40:23 INFO  : Context for processor 'microblaze_0' is selected.
05:40:23 INFO  : 'con' command is executed.
05:40:23 INFO  : ----------------XSDB Script (After Launch)----------------
targets -set -nocase -filter {name =~ "microblaze*#0" && bscan=="USER2"  && jtag_cable_name =~ "Digilent Nexys4DDR 210292646030A"} -index 0
con
----------------End of Script----------------

05:40:23 INFO  : Disconnected from the channel tcfchan#5.
05:41:17 INFO  : 'targets -set -filter {jtag_cable_name =~ "Digilent Nexys4DDR 210292646030A" && level==0} -index 0' command is executed.
05:41:17 INFO  : 'fpga -state' command is executed.
05:41:17 INFO  : Connected to target on host '127.0.0.1' and port '3121'.
05:41:18 INFO  : Jtag cable 'Digilent Nexys4DDR 210292646030A' is selected.
05:41:18 INFO  : 'jtag frequency' command is executed.
05:41:18 INFO  : 'configparams mdm-detect-bscan-mask 2' command is executed.
05:41:18 INFO  : Context for processor 'microblaze_0' is selected.
05:41:18 INFO  : Processor reset is completed for 'microblaze_0'.
05:41:18 INFO  : Context for processor 'microblaze_0' is selected.
05:41:18 INFO  : The application 'C:/Users/poyisamu/fifoStream/fifoStream.sdk/streamFIFO/Debug/streamFIFO.elf' is downloaded to processor 'microblaze_0'.
05:41:18 INFO  : ----------------XSDB Script----------------
connect -url tcp:127.0.0.1:3121
configparams mdm-detect-bscan-mask 2
targets -set -nocase -filter {name =~ "microblaze*#0" && bscan=="USER2"  && jtag_cable_name =~ "Digilent Nexys4DDR 210292646030A"} -index 0
rst -processor
targets -set -nocase -filter {name =~ "microblaze*#0" && bscan=="USER2"  && jtag_cable_name =~ "Digilent Nexys4DDR 210292646030A"} -index 0
dow C:/Users/poyisamu/fifoStream/fifoStream.sdk/streamFIFO/Debug/streamFIFO.elf
----------------End of Script----------------

05:41:18 INFO  : Context for processor 'microblaze_0' is selected.
05:41:18 INFO  : 'con' command is executed.
05:41:18 INFO  : ----------------XSDB Script (After Launch)----------------
targets -set -nocase -filter {name =~ "microblaze*#0" && bscan=="USER2"  && jtag_cable_name =~ "Digilent Nexys4DDR 210292646030A"} -index 0
con
----------------End of Script----------------

05:41:18 INFO  : Disconnected from the channel tcfchan#6.
05:42:19 INFO  : 'targets -set -filter {jtag_cable_name =~ "Digilent Nexys4DDR 210292646030A" && level==0} -index 0' command is executed.
05:42:19 INFO  : 'fpga -state' command is executed.
05:42:19 INFO  : Connected to target on host '127.0.0.1' and port '3121'.
05:42:19 INFO  : Jtag cable 'Digilent Nexys4DDR 210292646030A' is selected.
05:42:19 INFO  : 'jtag frequency' command is executed.
05:42:19 INFO  : 'configparams mdm-detect-bscan-mask 2' command is executed.
05:42:19 INFO  : Context for processor 'microblaze_0' is selected.
05:42:19 INFO  : Processor reset is completed for 'microblaze_0'.
05:42:19 INFO  : Context for processor 'microblaze_0' is selected.
05:42:20 INFO  : The application 'C:/Users/poyisamu/fifoStream/fifoStream.sdk/streamFIFO/Debug/streamFIFO.elf' is downloaded to processor 'microblaze_0'.
05:42:20 INFO  : ----------------XSDB Script----------------
connect -url tcp:127.0.0.1:3121
configparams mdm-detect-bscan-mask 2
targets -set -nocase -filter {name =~ "microblaze*#0" && bscan=="USER2"  && jtag_cable_name =~ "Digilent Nexys4DDR 210292646030A"} -index 0
rst -processor
targets -set -nocase -filter {name =~ "microblaze*#0" && bscan=="USER2"  && jtag_cable_name =~ "Digilent Nexys4DDR 210292646030A"} -index 0
dow C:/Users/poyisamu/fifoStream/fifoStream.sdk/streamFIFO/Debug/streamFIFO.elf
----------------End of Script----------------

05:42:20 INFO  : Context for processor 'microblaze_0' is selected.
05:42:20 INFO  : 'con' command is executed.
05:42:20 INFO  : ----------------XSDB Script (After Launch)----------------
targets -set -nocase -filter {name =~ "microblaze*#0" && bscan=="USER2"  && jtag_cable_name =~ "Digilent Nexys4DDR 210292646030A"} -index 0
con
----------------End of Script----------------

05:42:20 INFO  : Disconnected from the channel tcfchan#7.
05:42:59 INFO  : 'targets -set -filter {jtag_cable_name =~ "Digilent Nexys4DDR 210292646030A" && level==0} -index 0' command is executed.
05:42:59 INFO  : 'fpga -state' command is executed.
05:42:59 INFO  : Connected to target on host '127.0.0.1' and port '3121'.
05:42:59 INFO  : Jtag cable 'Digilent Nexys4DDR 210292646030A' is selected.
05:42:59 INFO  : 'jtag frequency' command is executed.
05:42:59 INFO  : 'configparams mdm-detect-bscan-mask 2' command is executed.
05:43:00 INFO  : Context for processor 'microblaze_0' is selected.
05:43:00 INFO  : Processor reset is completed for 'microblaze_0'.
05:43:00 INFO  : Context for processor 'microblaze_0' is selected.
05:43:00 INFO  : The application 'C:/Users/poyisamu/fifoStream/fifoStream.sdk/streamFIFO/Debug/streamFIFO.elf' is downloaded to processor 'microblaze_0'.
05:43:00 INFO  : ----------------XSDB Script----------------
connect -url tcp:127.0.0.1:3121
configparams mdm-detect-bscan-mask 2
targets -set -nocase -filter {name =~ "microblaze*#0" && bscan=="USER2"  && jtag_cable_name =~ "Digilent Nexys4DDR 210292646030A"} -index 0
rst -processor
targets -set -nocase -filter {name =~ "microblaze*#0" && bscan=="USER2"  && jtag_cable_name =~ "Digilent Nexys4DDR 210292646030A"} -index 0
dow C:/Users/poyisamu/fifoStream/fifoStream.sdk/streamFIFO/Debug/streamFIFO.elf
----------------End of Script----------------

05:43:00 INFO  : Context for processor 'microblaze_0' is selected.
05:43:00 INFO  : 'con' command is executed.
05:43:00 INFO  : ----------------XSDB Script (After Launch)----------------
targets -set -nocase -filter {name =~ "microblaze*#0" && bscan=="USER2"  && jtag_cable_name =~ "Digilent Nexys4DDR 210292646030A"} -index 0
con
----------------End of Script----------------

05:43:00 INFO  : Disconnected from the channel tcfchan#8.
05:44:36 INFO  : 'targets -set -filter {jtag_cable_name =~ "Digilent Nexys4DDR 210292646030A" && level==0} -index 0' command is executed.
05:44:36 INFO  : 'fpga -state' command is executed.
05:44:36 INFO  : Connected to target on host '127.0.0.1' and port '3121'.
05:44:36 INFO  : Jtag cable 'Digilent Nexys4DDR 210292646030A' is selected.
05:44:36 INFO  : 'jtag frequency' command is executed.
05:44:36 INFO  : 'configparams mdm-detect-bscan-mask 2' command is executed.
05:44:36 INFO  : Context for processor 'microblaze_0' is selected.
05:44:36 INFO  : Processor reset is completed for 'microblaze_0'.
05:44:36 INFO  : Context for processor 'microblaze_0' is selected.
05:44:36 INFO  : The application 'C:/Users/poyisamu/fifoStream/fifoStream.sdk/streamFIFO/Debug/streamFIFO.elf' is downloaded to processor 'microblaze_0'.
05:44:36 INFO  : ----------------XSDB Script----------------
connect -url tcp:127.0.0.1:3121
configparams mdm-detect-bscan-mask 2
targets -set -nocase -filter {name =~ "microblaze*#0" && bscan=="USER2"  && jtag_cable_name =~ "Digilent Nexys4DDR 210292646030A"} -index 0
rst -processor
targets -set -nocase -filter {name =~ "microblaze*#0" && bscan=="USER2"  && jtag_cable_name =~ "Digilent Nexys4DDR 210292646030A"} -index 0
dow C:/Users/poyisamu/fifoStream/fifoStream.sdk/streamFIFO/Debug/streamFIFO.elf
----------------End of Script----------------

05:44:36 INFO  : Context for processor 'microblaze_0' is selected.
05:44:36 INFO  : 'con' command is executed.
05:44:36 INFO  : ----------------XSDB Script (After Launch)----------------
targets -set -nocase -filter {name =~ "microblaze*#0" && bscan=="USER2"  && jtag_cable_name =~ "Digilent Nexys4DDR 210292646030A"} -index 0
con
----------------End of Script----------------

05:44:36 INFO  : Disconnected from the channel tcfchan#9.
05:45:07 INFO  : 'targets -set -filter {jtag_cable_name =~ "Digilent Nexys4DDR 210292646030A" && level==0} -index 0' command is executed.
05:45:07 INFO  : 'fpga -state' command is executed.
05:45:07 INFO  : Connected to target on host '127.0.0.1' and port '3121'.
05:45:07 INFO  : Jtag cable 'Digilent Nexys4DDR 210292646030A' is selected.
05:45:07 INFO  : 'jtag frequency' command is executed.
05:45:07 INFO  : 'configparams mdm-detect-bscan-mask 2' command is executed.
05:45:07 INFO  : Context for processor 'microblaze_0' is selected.
05:45:07 INFO  : Processor reset is completed for 'microblaze_0'.
05:45:08 INFO  : Context for processor 'microblaze_0' is selected.
05:45:08 INFO  : The application 'C:/Users/poyisamu/fifoStream/fifoStream.sdk/streamFIFO/Debug/streamFIFO.elf' is downloaded to processor 'microblaze_0'.
05:45:08 INFO  : ----------------XSDB Script----------------
connect -url tcp:127.0.0.1:3121
configparams mdm-detect-bscan-mask 2
targets -set -nocase -filter {name =~ "microblaze*#0" && bscan=="USER2"  && jtag_cable_name =~ "Digilent Nexys4DDR 210292646030A"} -index 0
rst -processor
targets -set -nocase -filter {name =~ "microblaze*#0" && bscan=="USER2"  && jtag_cable_name =~ "Digilent Nexys4DDR 210292646030A"} -index 0
dow C:/Users/poyisamu/fifoStream/fifoStream.sdk/streamFIFO/Debug/streamFIFO.elf
----------------End of Script----------------

05:45:08 INFO  : Context for processor 'microblaze_0' is selected.
05:45:08 INFO  : 'con' command is executed.
05:45:08 INFO  : ----------------XSDB Script (After Launch)----------------
targets -set -nocase -filter {name =~ "microblaze*#0" && bscan=="USER2"  && jtag_cable_name =~ "Digilent Nexys4DDR 210292646030A"} -index 0
con
----------------End of Script----------------

05:45:08 INFO  : Disconnected from the channel tcfchan#10.
05:52:57 INFO  : 'targets -set -filter {jtag_cable_name =~ "Digilent Nexys4DDR 210292646030A" && level==0} -index 0' command is executed.
05:52:57 INFO  : 'fpga -state' command is executed.
05:52:57 INFO  : Connected to target on host '127.0.0.1' and port '3121'.
05:52:57 INFO  : Jtag cable 'Digilent Nexys4DDR 210292646030A' is selected.
05:52:57 INFO  : 'jtag frequency' command is executed.
05:52:57 INFO  : 'configparams mdm-detect-bscan-mask 2' command is executed.
05:52:57 INFO  : Context for processor 'microblaze_0' is selected.
05:52:57 INFO  : Processor reset is completed for 'microblaze_0'.
05:52:57 INFO  : Context for processor 'microblaze_0' is selected.
05:52:57 INFO  : The application 'C:/Users/poyisamu/fifoStream/fifoStream.sdk/streamFIFO/Debug/streamFIFO.elf' is downloaded to processor 'microblaze_0'.
05:52:57 INFO  : ----------------XSDB Script----------------
connect -url tcp:127.0.0.1:3121
configparams mdm-detect-bscan-mask 2
targets -set -nocase -filter {name =~ "microblaze*#0" && bscan=="USER2"  && jtag_cable_name =~ "Digilent Nexys4DDR 210292646030A"} -index 0
rst -processor
targets -set -nocase -filter {name =~ "microblaze*#0" && bscan=="USER2"  && jtag_cable_name =~ "Digilent Nexys4DDR 210292646030A"} -index 0
dow C:/Users/poyisamu/fifoStream/fifoStream.sdk/streamFIFO/Debug/streamFIFO.elf
----------------End of Script----------------

05:52:57 INFO  : Context for processor 'microblaze_0' is selected.
05:52:57 INFO  : 'con' command is executed.
05:52:57 INFO  : ----------------XSDB Script (After Launch)----------------
targets -set -nocase -filter {name =~ "microblaze*#0" && bscan=="USER2"  && jtag_cable_name =~ "Digilent Nexys4DDR 210292646030A"} -index 0
con
----------------End of Script----------------

05:52:57 INFO  : Disconnected from the channel tcfchan#11.
05:53:29 INFO  : 'targets -set -filter {jtag_cable_name =~ "Digilent Nexys4DDR 210292646030A" && level==0} -index 0' command is executed.
05:53:29 INFO  : 'fpga -state' command is executed.
05:53:29 INFO  : Connected to target on host '127.0.0.1' and port '3121'.
05:53:29 INFO  : Jtag cable 'Digilent Nexys4DDR 210292646030A' is selected.
05:53:29 INFO  : 'jtag frequency' command is executed.
05:53:29 INFO  : 'configparams mdm-detect-bscan-mask 2' command is executed.
05:53:29 INFO  : Context for processor 'microblaze_0' is selected.
05:53:30 INFO  : Processor reset is completed for 'microblaze_0'.
05:53:30 INFO  : Context for processor 'microblaze_0' is selected.
05:53:30 INFO  : The application 'C:/Users/poyisamu/fifoStream/fifoStream.sdk/streamFIFO/Debug/streamFIFO.elf' is downloaded to processor 'microblaze_0'.
05:53:30 INFO  : ----------------XSDB Script----------------
connect -url tcp:127.0.0.1:3121
configparams mdm-detect-bscan-mask 2
targets -set -nocase -filter {name =~ "microblaze*#0" && bscan=="USER2"  && jtag_cable_name =~ "Digilent Nexys4DDR 210292646030A"} -index 0
rst -processor
targets -set -nocase -filter {name =~ "microblaze*#0" && bscan=="USER2"  && jtag_cable_name =~ "Digilent Nexys4DDR 210292646030A"} -index 0
dow C:/Users/poyisamu/fifoStream/fifoStream.sdk/streamFIFO/Debug/streamFIFO.elf
----------------End of Script----------------

05:53:30 INFO  : Context for processor 'microblaze_0' is selected.
05:53:30 INFO  : 'con' command is executed.
05:53:30 INFO  : ----------------XSDB Script (After Launch)----------------
targets -set -nocase -filter {name =~ "microblaze*#0" && bscan=="USER2"  && jtag_cable_name =~ "Digilent Nexys4DDR 210292646030A"} -index 0
con
----------------End of Script----------------

05:53:30 INFO  : Disconnected from the channel tcfchan#12.
05:54:17 INFO  : 'targets -set -filter {jtag_cable_name =~ "Digilent Nexys4DDR 210292646030A" && level==0} -index 0' command is executed.
05:54:17 INFO  : 'fpga -state' command is executed.
05:54:17 INFO  : Connected to target on host '127.0.0.1' and port '3121'.
05:54:18 INFO  : Jtag cable 'Digilent Nexys4DDR 210292646030A' is selected.
05:54:18 INFO  : 'jtag frequency' command is executed.
05:54:18 INFO  : 'configparams mdm-detect-bscan-mask 2' command is executed.
05:54:18 INFO  : Context for processor 'microblaze_0' is selected.
05:54:18 INFO  : Processor reset is completed for 'microblaze_0'.
05:54:18 INFO  : Context for processor 'microblaze_0' is selected.
05:54:18 INFO  : The application 'C:/Users/poyisamu/fifoStream/fifoStream.sdk/streamFIFO/Debug/streamFIFO.elf' is downloaded to processor 'microblaze_0'.
05:54:18 INFO  : ----------------XSDB Script----------------
connect -url tcp:127.0.0.1:3121
configparams mdm-detect-bscan-mask 2
targets -set -nocase -filter {name =~ "microblaze*#0" && bscan=="USER2"  && jtag_cable_name =~ "Digilent Nexys4DDR 210292646030A"} -index 0
rst -processor
targets -set -nocase -filter {name =~ "microblaze*#0" && bscan=="USER2"  && jtag_cable_name =~ "Digilent Nexys4DDR 210292646030A"} -index 0
dow C:/Users/poyisamu/fifoStream/fifoStream.sdk/streamFIFO/Debug/streamFIFO.elf
----------------End of Script----------------

05:54:18 INFO  : Context for processor 'microblaze_0' is selected.
05:54:18 INFO  : 'con' command is executed.
05:54:18 INFO  : ----------------XSDB Script (After Launch)----------------
targets -set -nocase -filter {name =~ "microblaze*#0" && bscan=="USER2"  && jtag_cable_name =~ "Digilent Nexys4DDR 210292646030A"} -index 0
con
----------------End of Script----------------

05:54:18 INFO  : Disconnected from the channel tcfchan#13.
05:56:51 INFO  : 'targets -set -filter {jtag_cable_name =~ "Digilent Nexys4DDR 210292646030A" && level==0} -index 0' command is executed.
05:56:51 INFO  : 'fpga -state' command is executed.
05:56:51 INFO  : Connected to target on host '127.0.0.1' and port '3121'.
05:56:51 INFO  : Jtag cable 'Digilent Nexys4DDR 210292646030A' is selected.
05:56:51 INFO  : 'jtag frequency' command is executed.
05:56:51 INFO  : 'configparams mdm-detect-bscan-mask 2' command is executed.
05:56:51 INFO  : Context for processor 'microblaze_0' is selected.
05:56:51 INFO  : Processor reset is completed for 'microblaze_0'.
05:56:51 INFO  : Context for processor 'microblaze_0' is selected.
05:56:51 INFO  : The application 'C:/Users/poyisamu/fifoStream/fifoStream.sdk/streamFIFO/Debug/streamFIFO.elf' is downloaded to processor 'microblaze_0'.
05:56:51 INFO  : ----------------XSDB Script----------------
connect -url tcp:127.0.0.1:3121
configparams mdm-detect-bscan-mask 2
targets -set -nocase -filter {name =~ "microblaze*#0" && bscan=="USER2"  && jtag_cable_name =~ "Digilent Nexys4DDR 210292646030A"} -index 0
rst -processor
targets -set -nocase -filter {name =~ "microblaze*#0" && bscan=="USER2"  && jtag_cable_name =~ "Digilent Nexys4DDR 210292646030A"} -index 0
dow C:/Users/poyisamu/fifoStream/fifoStream.sdk/streamFIFO/Debug/streamFIFO.elf
----------------End of Script----------------

05:56:51 INFO  : Context for processor 'microblaze_0' is selected.
05:56:51 INFO  : 'con' command is executed.
05:56:51 INFO  : ----------------XSDB Script (After Launch)----------------
targets -set -nocase -filter {name =~ "microblaze*#0" && bscan=="USER2"  && jtag_cable_name =~ "Digilent Nexys4DDR 210292646030A"} -index 0
con
----------------End of Script----------------

05:56:51 INFO  : Disconnected from the channel tcfchan#14.
05:57:44 INFO  : 'targets -set -filter {jtag_cable_name =~ "Digilent Nexys4DDR 210292646030A" && level==0} -index 0' command is executed.
05:57:44 INFO  : 'fpga -state' command is executed.
05:57:44 INFO  : Connected to target on host '127.0.0.1' and port '3121'.
05:57:44 INFO  : Jtag cable 'Digilent Nexys4DDR 210292646030A' is selected.
05:57:44 INFO  : 'jtag frequency' command is executed.
05:57:44 INFO  : 'configparams mdm-detect-bscan-mask 2' command is executed.
05:57:44 INFO  : Context for processor 'microblaze_0' is selected.
05:57:44 INFO  : Processor reset is completed for 'microblaze_0'.
05:57:44 INFO  : Context for processor 'microblaze_0' is selected.
05:57:44 INFO  : The application 'C:/Users/poyisamu/fifoStream/fifoStream.sdk/streamFIFO/Debug/streamFIFO.elf' is downloaded to processor 'microblaze_0'.
05:57:44 INFO  : ----------------XSDB Script----------------
connect -url tcp:127.0.0.1:3121
configparams mdm-detect-bscan-mask 2
targets -set -nocase -filter {name =~ "microblaze*#0" && bscan=="USER2"  && jtag_cable_name =~ "Digilent Nexys4DDR 210292646030A"} -index 0
rst -processor
targets -set -nocase -filter {name =~ "microblaze*#0" && bscan=="USER2"  && jtag_cable_name =~ "Digilent Nexys4DDR 210292646030A"} -index 0
dow C:/Users/poyisamu/fifoStream/fifoStream.sdk/streamFIFO/Debug/streamFIFO.elf
----------------End of Script----------------

05:57:44 INFO  : Context for processor 'microblaze_0' is selected.
05:57:44 INFO  : 'con' command is executed.
05:57:44 INFO  : ----------------XSDB Script (After Launch)----------------
targets -set -nocase -filter {name =~ "microblaze*#0" && bscan=="USER2"  && jtag_cable_name =~ "Digilent Nexys4DDR 210292646030A"} -index 0
con
----------------End of Script----------------

05:57:44 INFO  : Disconnected from the channel tcfchan#15.
07:03:11 INFO  : 'targets -set -filter {jtag_cable_name =~ "Digilent Nexys4DDR 210292646030A" && level==0} -index 0' command is executed.
07:03:11 INFO  : 'fpga -state' command is executed.
07:03:11 INFO  : Connected to target on host '127.0.0.1' and port '3121'.
07:03:12 INFO  : Jtag cable 'Digilent Nexys4DDR 210292646030A' is selected.
07:03:12 INFO  : 'jtag frequency' command is executed.
07:03:12 INFO  : 'configparams mdm-detect-bscan-mask 2' command is executed.
07:03:12 INFO  : Context for processor 'microblaze_0' is selected.
07:03:12 INFO  : Processor reset is completed for 'microblaze_0'.
07:03:12 INFO  : Context for processor 'microblaze_0' is selected.
07:03:12 INFO  : The application 'C:/Users/poyisamu/fifoStream/fifoStream.sdk/streamFIFO/Debug/streamFIFO.elf' is downloaded to processor 'microblaze_0'.
07:03:12 INFO  : ----------------XSDB Script----------------
connect -url tcp:127.0.0.1:3121
configparams mdm-detect-bscan-mask 2
targets -set -nocase -filter {name =~ "microblaze*#0" && bscan=="USER2"  && jtag_cable_name =~ "Digilent Nexys4DDR 210292646030A"} -index 0
rst -processor
targets -set -nocase -filter {name =~ "microblaze*#0" && bscan=="USER2"  && jtag_cable_name =~ "Digilent Nexys4DDR 210292646030A"} -index 0
dow C:/Users/poyisamu/fifoStream/fifoStream.sdk/streamFIFO/Debug/streamFIFO.elf
----------------End of Script----------------

07:03:12 INFO  : Context for processor 'microblaze_0' is selected.
07:03:12 INFO  : 'con' command is executed.
07:03:12 INFO  : ----------------XSDB Script (After Launch)----------------
targets -set -nocase -filter {name =~ "microblaze*#0" && bscan=="USER2"  && jtag_cable_name =~ "Digilent Nexys4DDR 210292646030A"} -index 0
con
----------------End of Script----------------

07:03:12 INFO  : Disconnected from the channel tcfchan#16.
21:19:16 INFO  : Registering command handlers for SDK TCF services
21:19:17 INFO  : Launching XSCT server: xsct.bat -interactive C:\Users\poyisamu\fifoStream\fifoStream.sdk\temp_xsdb_launch_script.tcl
21:19:20 INFO  : XSCT server has started successfully.
21:19:22 INFO  : Processing command line option -hwspec C:/Users/poyisamu/fifoStream/fifoStream.sdk/canteloupe_wrapper.hdf.
21:19:22 INFO  : Successfully done setting XSCT server connection channel  
21:19:22 INFO  : Successfully done setting SDK workspace  
21:19:22 INFO  : Checking for hwspec changes in the project canteloupe_wrapper_hw_platform_0.
21:19:26 INFO  : SDK has detected change in the last modified timestamps for source hardware specification file Source:1616548598555,  Project:1616318958511
21:19:26 INFO  : The hardware specification for project 'canteloupe_wrapper_hw_platform_0' is different from C:/Users/poyisamu/fifoStream/fifoStream.sdk/canteloupe_wrapper.hdf.
21:19:26 INFO  : Copied contents of C:/Users/poyisamu/fifoStream/fifoStream.sdk/canteloupe_wrapper.hdf into \canteloupe_wrapper_hw_platform_0\system.hdf.
21:19:43 INFO  : Synchronizing projects in the workspace with the hardware platform specification changes.
21:19:47 INFO  : 
21:19:48 INFO  : Updating hardware inferred compiler options for streamFIFO.
21:19:48 INFO  : Clearing existing target manager status.
21:23:40 INFO  : 'targets -set -filter {jtag_cable_name =~ "Digilent Nexys4DDR 210292645863A" && level==0} -index 0' command is executed.
21:23:40 INFO  : 'fpga -state' command is executed.
21:23:40 INFO  : Connected to target on host '127.0.0.1' and port '3121'.
21:23:40 INFO  : Jtag cable 'Digilent Nexys4DDR 210292645863A' is selected.
21:23:40 INFO  : 'jtag frequency' command is executed.
21:23:40 INFO  : 'configparams mdm-detect-bscan-mask 2' command is executed.
21:23:40 INFO  : Context for processor 'microblaze_0' is selected.
21:23:40 INFO  : Processor reset is completed for 'microblaze_0'.
21:23:40 INFO  : Context for processor 'microblaze_0' is selected.
21:23:40 INFO  : The application 'C:/Users/poyisamu/fifoStream/fifoStream.sdk/streamFIFO/Debug/streamFIFO.elf' is downloaded to processor 'microblaze_0'.
21:23:40 INFO  : ----------------XSDB Script----------------
connect -url tcp:127.0.0.1:3121
configparams mdm-detect-bscan-mask 2
targets -set -nocase -filter {name =~ "microblaze*#0" && bscan=="USER2"  && jtag_cable_name =~ "Digilent Nexys4DDR 210292645863A"} -index 0
rst -processor
targets -set -nocase -filter {name =~ "microblaze*#0" && bscan=="USER2"  && jtag_cable_name =~ "Digilent Nexys4DDR 210292645863A"} -index 0
dow C:/Users/poyisamu/fifoStream/fifoStream.sdk/streamFIFO/Debug/streamFIFO.elf
----------------End of Script----------------

21:23:40 INFO  : Context for processor 'microblaze_0' is selected.
21:23:40 INFO  : 'con' command is executed.
21:23:40 INFO  : ----------------XSDB Script (After Launch)----------------
targets -set -nocase -filter {name =~ "microblaze*#0" && bscan=="USER2"  && jtag_cable_name =~ "Digilent Nexys4DDR 210292645863A"} -index 0
con
----------------End of Script----------------

21:23:40 INFO  : Disconnected from the channel tcfchan#1.
21:25:46 INFO  : 'targets -set -filter {jtag_cable_name =~ "Digilent Nexys4DDR 210292645863A" && level==0} -index 0' command is executed.
21:25:46 INFO  : 'fpga -state' command is executed.
21:25:46 INFO  : Connected to target on host '127.0.0.1' and port '3121'.
21:25:47 INFO  : Jtag cable 'Digilent Nexys4DDR 210292645863A' is selected.
21:25:47 INFO  : 'jtag frequency' command is executed.
21:25:47 INFO  : 'configparams mdm-detect-bscan-mask 2' command is executed.
21:25:47 INFO  : Context for processor 'microblaze_0' is selected.
21:25:47 INFO  : Processor reset is completed for 'microblaze_0'.
21:25:47 INFO  : Context for processor 'microblaze_0' is selected.
21:25:47 INFO  : The application 'C:/Users/poyisamu/fifoStream/fifoStream.sdk/streamFIFO/Debug/streamFIFO.elf' is downloaded to processor 'microblaze_0'.
21:25:47 INFO  : ----------------XSDB Script----------------
connect -url tcp:127.0.0.1:3121
configparams mdm-detect-bscan-mask 2
targets -set -nocase -filter {name =~ "microblaze*#0" && bscan=="USER2"  && jtag_cable_name =~ "Digilent Nexys4DDR 210292645863A"} -index 0
rst -processor
targets -set -nocase -filter {name =~ "microblaze*#0" && bscan=="USER2"  && jtag_cable_name =~ "Digilent Nexys4DDR 210292645863A"} -index 0
dow C:/Users/poyisamu/fifoStream/fifoStream.sdk/streamFIFO/Debug/streamFIFO.elf
----------------End of Script----------------

21:25:47 INFO  : Context for processor 'microblaze_0' is selected.
21:25:47 INFO  : 'con' command is executed.
21:25:47 INFO  : ----------------XSDB Script (After Launch)----------------
targets -set -nocase -filter {name =~ "microblaze*#0" && bscan=="USER2"  && jtag_cable_name =~ "Digilent Nexys4DDR 210292645863A"} -index 0
con
----------------End of Script----------------

21:25:47 INFO  : Disconnected from the channel tcfchan#2.
21:27:57 INFO  : 'targets -set -filter {jtag_cable_name =~ "Digilent Nexys4DDR 210292645863A" && level==0} -index 0' command is executed.
21:27:57 INFO  : 'fpga -state' command is executed.
21:27:57 INFO  : Connected to target on host '127.0.0.1' and port '3121'.
21:27:58 INFO  : Jtag cable 'Digilent Nexys4DDR 210292645863A' is selected.
21:27:58 INFO  : 'jtag frequency' command is executed.
21:27:58 INFO  : 'configparams mdm-detect-bscan-mask 2' command is executed.
21:27:58 INFO  : Context for processor 'microblaze_0' is selected.
21:27:58 INFO  : Processor reset is completed for 'microblaze_0'.
21:27:58 INFO  : Context for processor 'microblaze_0' is selected.
21:27:58 INFO  : The application 'C:/Users/poyisamu/fifoStream/fifoStream.sdk/streamFIFO/Debug/streamFIFO.elf' is downloaded to processor 'microblaze_0'.
21:27:58 INFO  : ----------------XSDB Script----------------
connect -url tcp:127.0.0.1:3121
configparams mdm-detect-bscan-mask 2
targets -set -nocase -filter {name =~ "microblaze*#0" && bscan=="USER2"  && jtag_cable_name =~ "Digilent Nexys4DDR 210292645863A"} -index 0
rst -processor
targets -set -nocase -filter {name =~ "microblaze*#0" && bscan=="USER2"  && jtag_cable_name =~ "Digilent Nexys4DDR 210292645863A"} -index 0
dow C:/Users/poyisamu/fifoStream/fifoStream.sdk/streamFIFO/Debug/streamFIFO.elf
----------------End of Script----------------

21:27:58 INFO  : Context for processor 'microblaze_0' is selected.
21:27:58 INFO  : 'con' command is executed.
21:27:58 INFO  : ----------------XSDB Script (After Launch)----------------
targets -set -nocase -filter {name =~ "microblaze*#0" && bscan=="USER2"  && jtag_cable_name =~ "Digilent Nexys4DDR 210292645863A"} -index 0
con
----------------End of Script----------------

21:27:58 INFO  : Disconnected from the channel tcfchan#3.
21:30:27 INFO  : 'targets -set -filter {jtag_cable_name =~ "Digilent Nexys4DDR 210292645863A" && level==0} -index 0' command is executed.
21:30:27 INFO  : 'fpga -state' command is executed.
21:30:27 INFO  : Connected to target on host '127.0.0.1' and port '3121'.
21:30:27 INFO  : Jtag cable 'Digilent Nexys4DDR 210292645863A' is selected.
21:30:27 INFO  : 'jtag frequency' command is executed.
21:30:27 INFO  : 'configparams mdm-detect-bscan-mask 2' command is executed.
21:30:27 INFO  : Context for processor 'microblaze_0' is selected.
21:30:27 INFO  : Processor reset is completed for 'microblaze_0'.
21:30:27 INFO  : Context for processor 'microblaze_0' is selected.
21:30:28 INFO  : The application 'C:/Users/poyisamu/fifoStream/fifoStream.sdk/streamFIFO/Debug/streamFIFO.elf' is downloaded to processor 'microblaze_0'.
21:30:28 INFO  : ----------------XSDB Script----------------
connect -url tcp:127.0.0.1:3121
configparams mdm-detect-bscan-mask 2
targets -set -nocase -filter {name =~ "microblaze*#0" && bscan=="USER2"  && jtag_cable_name =~ "Digilent Nexys4DDR 210292645863A"} -index 0
rst -processor
targets -set -nocase -filter {name =~ "microblaze*#0" && bscan=="USER2"  && jtag_cable_name =~ "Digilent Nexys4DDR 210292645863A"} -index 0
dow C:/Users/poyisamu/fifoStream/fifoStream.sdk/streamFIFO/Debug/streamFIFO.elf
----------------End of Script----------------

21:30:28 INFO  : Context for processor 'microblaze_0' is selected.
21:30:28 INFO  : 'con' command is executed.
21:30:28 INFO  : ----------------XSDB Script (After Launch)----------------
targets -set -nocase -filter {name =~ "microblaze*#0" && bscan=="USER2"  && jtag_cable_name =~ "Digilent Nexys4DDR 210292645863A"} -index 0
con
----------------End of Script----------------

21:30:28 INFO  : Disconnected from the channel tcfchan#4.
21:31:57 INFO  : 'targets -set -filter {jtag_cable_name =~ "Digilent Nexys4DDR 210292645863A" && level==0} -index 0' command is executed.
21:31:57 INFO  : 'fpga -state' command is executed.
21:31:57 INFO  : Connected to target on host '127.0.0.1' and port '3121'.
21:31:57 INFO  : Jtag cable 'Digilent Nexys4DDR 210292645863A' is selected.
21:31:57 INFO  : 'jtag frequency' command is executed.
21:31:57 INFO  : 'configparams mdm-detect-bscan-mask 2' command is executed.
21:31:58 INFO  : Context for processor 'microblaze_0' is selected.
21:31:58 INFO  : Processor reset is completed for 'microblaze_0'.
21:31:58 INFO  : Context for processor 'microblaze_0' is selected.
21:31:58 INFO  : The application 'C:/Users/poyisamu/fifoStream/fifoStream.sdk/streamFIFO/Debug/streamFIFO.elf' is downloaded to processor 'microblaze_0'.
21:31:58 INFO  : ----------------XSDB Script----------------
connect -url tcp:127.0.0.1:3121
configparams mdm-detect-bscan-mask 2
targets -set -nocase -filter {name =~ "microblaze*#0" && bscan=="USER2"  && jtag_cable_name =~ "Digilent Nexys4DDR 210292645863A"} -index 0
rst -processor
targets -set -nocase -filter {name =~ "microblaze*#0" && bscan=="USER2"  && jtag_cable_name =~ "Digilent Nexys4DDR 210292645863A"} -index 0
dow C:/Users/poyisamu/fifoStream/fifoStream.sdk/streamFIFO/Debug/streamFIFO.elf
----------------End of Script----------------

21:31:58 INFO  : Context for processor 'microblaze_0' is selected.
21:31:58 INFO  : 'con' command is executed.
21:31:58 INFO  : ----------------XSDB Script (After Launch)----------------
targets -set -nocase -filter {name =~ "microblaze*#0" && bscan=="USER2"  && jtag_cable_name =~ "Digilent Nexys4DDR 210292645863A"} -index 0
con
----------------End of Script----------------

21:31:58 INFO  : Disconnected from the channel tcfchan#5.
21:48:11 INFO  : 'targets -set -filter {jtag_cable_name =~ "Digilent Nexys4DDR 210292645863A" && level==0} -index 0' command is executed.
21:48:11 INFO  : 'fpga -state' command is executed.
21:48:11 INFO  : Connected to target on host '127.0.0.1' and port '3121'.
21:48:11 INFO  : Jtag cable 'Digilent Nexys4DDR 210292645863A' is selected.
21:48:11 INFO  : 'jtag frequency' command is executed.
21:48:11 INFO  : 'configparams mdm-detect-bscan-mask 2' command is executed.
21:48:11 INFO  : Context for processor 'microblaze_0' is selected.
21:48:11 INFO  : Processor reset is completed for 'microblaze_0'.
21:48:11 INFO  : Context for processor 'microblaze_0' is selected.
21:48:11 INFO  : The application 'C:/Users/poyisamu/fifoStream/fifoStream.sdk/streamFIFO/Debug/streamFIFO.elf' is downloaded to processor 'microblaze_0'.
21:48:11 INFO  : ----------------XSDB Script----------------
connect -url tcp:127.0.0.1:3121
configparams mdm-detect-bscan-mask 2
targets -set -nocase -filter {name =~ "microblaze*#0" && bscan=="USER2"  && jtag_cable_name =~ "Digilent Nexys4DDR 210292645863A"} -index 0
rst -processor
targets -set -nocase -filter {name =~ "microblaze*#0" && bscan=="USER2"  && jtag_cable_name =~ "Digilent Nexys4DDR 210292645863A"} -index 0
dow C:/Users/poyisamu/fifoStream/fifoStream.sdk/streamFIFO/Debug/streamFIFO.elf
----------------End of Script----------------

21:48:11 INFO  : Context for processor 'microblaze_0' is selected.
21:48:11 INFO  : 'con' command is executed.
21:48:11 INFO  : ----------------XSDB Script (After Launch)----------------
targets -set -nocase -filter {name =~ "microblaze*#0" && bscan=="USER2"  && jtag_cable_name =~ "Digilent Nexys4DDR 210292645863A"} -index 0
con
----------------End of Script----------------

21:48:11 INFO  : Disconnected from the channel tcfchan#6.
21:50:01 INFO  : 'targets -set -filter {jtag_cable_name =~ "Digilent Nexys4DDR 210292645863A" && level==0} -index 0' command is executed.
21:50:01 INFO  : 'fpga -state' command is executed.
21:50:01 INFO  : Connected to target on host '127.0.0.1' and port '3121'.
21:50:01 INFO  : Jtag cable 'Digilent Nexys4DDR 210292645863A' is selected.
21:50:01 INFO  : 'jtag frequency' command is executed.
21:50:01 INFO  : 'configparams mdm-detect-bscan-mask 2' command is executed.
21:50:01 INFO  : Context for processor 'microblaze_0' is selected.
21:50:01 INFO  : Processor reset is completed for 'microblaze_0'.
21:50:01 INFO  : Context for processor 'microblaze_0' is selected.
21:50:02 INFO  : The application 'C:/Users/poyisamu/fifoStream/fifoStream.sdk/streamFIFO/Debug/streamFIFO.elf' is downloaded to processor 'microblaze_0'.
21:50:02 INFO  : ----------------XSDB Script----------------
connect -url tcp:127.0.0.1:3121
configparams mdm-detect-bscan-mask 2
targets -set -nocase -filter {name =~ "microblaze*#0" && bscan=="USER2"  && jtag_cable_name =~ "Digilent Nexys4DDR 210292645863A"} -index 0
rst -processor
targets -set -nocase -filter {name =~ "microblaze*#0" && bscan=="USER2"  && jtag_cable_name =~ "Digilent Nexys4DDR 210292645863A"} -index 0
dow C:/Users/poyisamu/fifoStream/fifoStream.sdk/streamFIFO/Debug/streamFIFO.elf
----------------End of Script----------------

21:50:02 INFO  : Context for processor 'microblaze_0' is selected.
21:50:02 INFO  : 'con' command is executed.
21:50:02 INFO  : ----------------XSDB Script (After Launch)----------------
targets -set -nocase -filter {name =~ "microblaze*#0" && bscan=="USER2"  && jtag_cable_name =~ "Digilent Nexys4DDR 210292645863A"} -index 0
con
----------------End of Script----------------

21:50:02 INFO  : Disconnected from the channel tcfchan#7.
21:51:08 INFO  : 'targets -set -filter {jtag_cable_name =~ "Digilent Nexys4DDR 210292645863A" && level==0} -index 0' command is executed.
21:51:08 INFO  : 'fpga -state' command is executed.
21:51:08 INFO  : Connected to target on host '127.0.0.1' and port '3121'.
21:51:08 INFO  : Jtag cable 'Digilent Nexys4DDR 210292645863A' is selected.
21:51:08 INFO  : 'jtag frequency' command is executed.
21:51:08 INFO  : 'configparams mdm-detect-bscan-mask 2' command is executed.
21:51:08 INFO  : Context for processor 'microblaze_0' is selected.
21:51:08 INFO  : Processor reset is completed for 'microblaze_0'.
21:51:09 INFO  : Context for processor 'microblaze_0' is selected.
21:51:09 INFO  : The application 'C:/Users/poyisamu/fifoStream/fifoStream.sdk/streamFIFO/Debug/streamFIFO.elf' is downloaded to processor 'microblaze_0'.
21:51:09 INFO  : ----------------XSDB Script----------------
connect -url tcp:127.0.0.1:3121
configparams mdm-detect-bscan-mask 2
targets -set -nocase -filter {name =~ "microblaze*#0" && bscan=="USER2"  && jtag_cable_name =~ "Digilent Nexys4DDR 210292645863A"} -index 0
rst -processor
targets -set -nocase -filter {name =~ "microblaze*#0" && bscan=="USER2"  && jtag_cable_name =~ "Digilent Nexys4DDR 210292645863A"} -index 0
dow C:/Users/poyisamu/fifoStream/fifoStream.sdk/streamFIFO/Debug/streamFIFO.elf
----------------End of Script----------------

21:51:09 INFO  : Context for processor 'microblaze_0' is selected.
21:51:09 INFO  : 'con' command is executed.
21:51:09 INFO  : ----------------XSDB Script (After Launch)----------------
targets -set -nocase -filter {name =~ "microblaze*#0" && bscan=="USER2"  && jtag_cable_name =~ "Digilent Nexys4DDR 210292645863A"} -index 0
con
----------------End of Script----------------

21:51:09 INFO  : Disconnected from the channel tcfchan#8.
12:27:18 INFO  : Registering command handlers for SDK TCF services
12:27:19 INFO  : Launching XSCT server: xsct.bat -interactive C:\Users\poyisamu\fifoStream\fifoStream.sdk\temp_xsdb_launch_script.tcl
12:27:21 INFO  : XSCT server has started successfully.
12:27:21 INFO  : Successfully done setting XSCT server connection channel  
12:27:21 INFO  : Successfully done setting SDK workspace  
12:27:21 INFO  : Processing command line option -hwspec C:/Users/poyisamu/fifoStream/fifoStream.sdk/canteloupe_wrapper.hdf.
12:27:21 INFO  : Checking for hwspec changes in the project canteloupe_wrapper_hw_platform_0.
12:27:23 INFO  : SDK has detected change in the last modified timestamps for source hardware specification file Source:1617035161548,  Project:1616548598555
12:27:23 INFO  : The hardware specification for project 'canteloupe_wrapper_hw_platform_0' is different from C:/Users/poyisamu/fifoStream/fifoStream.sdk/canteloupe_wrapper.hdf.
12:27:23 INFO  : Copied contents of C:/Users/poyisamu/fifoStream/fifoStream.sdk/canteloupe_wrapper.hdf into \canteloupe_wrapper_hw_platform_0\system.hdf.
12:27:39 INFO  : Synchronizing projects in the workspace with the hardware platform specification changes.
12:27:42 INFO  : 
12:27:43 INFO  : Updating hardware inferred compiler options for streamFIFO.
12:27:43 INFO  : Clearing existing target manager status.
12:28:34 INFO  : Connected to target on host '127.0.0.1' and port '3121'.
12:28:37 INFO  : 'targets -set -filter {jtag_cable_name =~ "Digilent Nexys4DDR 210292646051A" && level==0} -index 0' command is executed.
12:28:39 INFO  : FPGA configured successfully with bitstream "C:/Users/poyisamu/fifoStream/fifoStream.sdk/canteloupe_wrapper_hw_platform_0/download.bit"
12:32:28 INFO  : 'targets -set -filter {jtag_cable_name =~ "Digilent Nexys4DDR 210292646051A" && level==0} -index 0' command is executed.
12:32:28 INFO  : 'fpga -state' command is executed.
12:32:28 INFO  : Connected to target on host '127.0.0.1' and port '3121'.
12:32:28 INFO  : Jtag cable 'Digilent Nexys4DDR 210292646051A' is selected.
12:32:28 INFO  : 'jtag frequency' command is executed.
12:32:28 INFO  : 'configparams mdm-detect-bscan-mask 2' command is executed.
12:32:28 INFO  : Context for processor 'microblaze_0' is selected.
12:32:28 INFO  : Processor reset is completed for 'microblaze_0'.
12:32:28 INFO  : Context for processor 'microblaze_0' is selected.
12:32:28 INFO  : The application 'C:/Users/poyisamu/fifoStream/fifoStream.sdk/streamFIFO/Debug/streamFIFO.elf' is downloaded to processor 'microblaze_0'.
12:32:28 INFO  : ----------------XSDB Script----------------
connect -url tcp:127.0.0.1:3121
configparams mdm-detect-bscan-mask 2
targets -set -nocase -filter {name =~ "microblaze*#0" && bscan=="USER2"  && jtag_cable_name =~ "Digilent Nexys4DDR 210292646051A"} -index 0
rst -processor
targets -set -nocase -filter {name =~ "microblaze*#0" && bscan=="USER2"  && jtag_cable_name =~ "Digilent Nexys4DDR 210292646051A"} -index 0
dow C:/Users/poyisamu/fifoStream/fifoStream.sdk/streamFIFO/Debug/streamFIFO.elf
----------------End of Script----------------

12:32:29 INFO  : Context for processor 'microblaze_0' is selected.
12:32:29 INFO  : 'con' command is executed.
12:32:29 INFO  : ----------------XSDB Script (After Launch)----------------
targets -set -nocase -filter {name =~ "microblaze*#0" && bscan=="USER2"  && jtag_cable_name =~ "Digilent Nexys4DDR 210292646051A"} -index 0
con
----------------End of Script----------------

12:32:29 INFO  : Disconnected from the channel tcfchan#1.
12:33:53 INFO  : 'targets -set -filter {jtag_cable_name =~ "Digilent Nexys4DDR 210292646051A" && level==0} -index 0' command is executed.
12:33:53 INFO  : 'fpga -state' command is executed.
12:33:53 INFO  : Connected to target on host '127.0.0.1' and port '3121'.
12:33:53 INFO  : Jtag cable 'Digilent Nexys4DDR 210292646051A' is selected.
12:33:53 INFO  : 'jtag frequency' command is executed.
12:33:53 INFO  : 'configparams mdm-detect-bscan-mask 2' command is executed.
12:33:53 INFO  : Context for processor 'microblaze_0' is selected.
12:33:53 INFO  : Processor reset is completed for 'microblaze_0'.
12:33:53 INFO  : Context for processor 'microblaze_0' is selected.
12:33:53 INFO  : The application 'C:/Users/poyisamu/fifoStream/fifoStream.sdk/streamFIFO/Debug/streamFIFO.elf' is downloaded to processor 'microblaze_0'.
12:33:53 INFO  : ----------------XSDB Script----------------
connect -url tcp:127.0.0.1:3121
configparams mdm-detect-bscan-mask 2
targets -set -nocase -filter {name =~ "microblaze*#0" && bscan=="USER2"  && jtag_cable_name =~ "Digilent Nexys4DDR 210292646051A"} -index 0
rst -processor
targets -set -nocase -filter {name =~ "microblaze*#0" && bscan=="USER2"  && jtag_cable_name =~ "Digilent Nexys4DDR 210292646051A"} -index 0
dow C:/Users/poyisamu/fifoStream/fifoStream.sdk/streamFIFO/Debug/streamFIFO.elf
----------------End of Script----------------

12:33:53 INFO  : Context for processor 'microblaze_0' is selected.
12:33:53 INFO  : 'con' command is executed.
12:33:53 INFO  : ----------------XSDB Script (After Launch)----------------
targets -set -nocase -filter {name =~ "microblaze*#0" && bscan=="USER2"  && jtag_cable_name =~ "Digilent Nexys4DDR 210292646051A"} -index 0
con
----------------End of Script----------------

12:33:53 INFO  : Disconnected from the channel tcfchan#2.
12:34:41 INFO  : 'targets -set -filter {jtag_cable_name =~ "Digilent Nexys4DDR 210292646051A" && level==0} -index 0' command is executed.
12:34:41 INFO  : 'fpga -state' command is executed.
12:34:41 INFO  : Connected to target on host '127.0.0.1' and port '3121'.
12:34:42 INFO  : Jtag cable 'Digilent Nexys4DDR 210292646051A' is selected.
12:34:42 INFO  : 'jtag frequency' command is executed.
12:34:42 INFO  : 'configparams mdm-detect-bscan-mask 2' command is executed.
12:34:42 INFO  : Context for processor 'microblaze_0' is selected.
12:34:42 INFO  : Processor reset is completed for 'microblaze_0'.
12:34:42 INFO  : Context for processor 'microblaze_0' is selected.
12:34:42 INFO  : The application 'C:/Users/poyisamu/fifoStream/fifoStream.sdk/streamFIFO/Debug/streamFIFO.elf' is downloaded to processor 'microblaze_0'.
12:34:42 INFO  : ----------------XSDB Script----------------
connect -url tcp:127.0.0.1:3121
configparams mdm-detect-bscan-mask 2
targets -set -nocase -filter {name =~ "microblaze*#0" && bscan=="USER2"  && jtag_cable_name =~ "Digilent Nexys4DDR 210292646051A"} -index 0
rst -processor
targets -set -nocase -filter {name =~ "microblaze*#0" && bscan=="USER2"  && jtag_cable_name =~ "Digilent Nexys4DDR 210292646051A"} -index 0
dow C:/Users/poyisamu/fifoStream/fifoStream.sdk/streamFIFO/Debug/streamFIFO.elf
----------------End of Script----------------

12:34:42 INFO  : Context for processor 'microblaze_0' is selected.
12:34:42 INFO  : 'con' command is executed.
12:34:42 INFO  : ----------------XSDB Script (After Launch)----------------
targets -set -nocase -filter {name =~ "microblaze*#0" && bscan=="USER2"  && jtag_cable_name =~ "Digilent Nexys4DDR 210292646051A"} -index 0
con
----------------End of Script----------------

12:34:42 INFO  : Disconnected from the channel tcfchan#3.
12:36:19 INFO  : 'targets -set -filter {jtag_cable_name =~ "Digilent Nexys4DDR 210292646051A" && level==0} -index 0' command is executed.
12:36:19 INFO  : 'fpga -state' command is executed.
12:36:19 INFO  : Connected to target on host '127.0.0.1' and port '3121'.
12:36:19 INFO  : Jtag cable 'Digilent Nexys4DDR 210292646051A' is selected.
12:36:19 INFO  : 'jtag frequency' command is executed.
12:36:19 INFO  : 'configparams mdm-detect-bscan-mask 2' command is executed.
12:36:19 INFO  : Context for processor 'microblaze_0' is selected.
12:36:19 INFO  : Processor reset is completed for 'microblaze_0'.
12:36:19 INFO  : Context for processor 'microblaze_0' is selected.
12:36:19 INFO  : The application 'C:/Users/poyisamu/fifoStream/fifoStream.sdk/streamFIFO/Debug/streamFIFO.elf' is downloaded to processor 'microblaze_0'.
12:36:19 INFO  : ----------------XSDB Script----------------
connect -url tcp:127.0.0.1:3121
configparams mdm-detect-bscan-mask 2
targets -set -nocase -filter {name =~ "microblaze*#0" && bscan=="USER2"  && jtag_cable_name =~ "Digilent Nexys4DDR 210292646051A"} -index 0
rst -processor
targets -set -nocase -filter {name =~ "microblaze*#0" && bscan=="USER2"  && jtag_cable_name =~ "Digilent Nexys4DDR 210292646051A"} -index 0
dow C:/Users/poyisamu/fifoStream/fifoStream.sdk/streamFIFO/Debug/streamFIFO.elf
----------------End of Script----------------

12:36:19 INFO  : Context for processor 'microblaze_0' is selected.
12:36:19 INFO  : 'con' command is executed.
12:36:19 INFO  : ----------------XSDB Script (After Launch)----------------
targets -set -nocase -filter {name =~ "microblaze*#0" && bscan=="USER2"  && jtag_cable_name =~ "Digilent Nexys4DDR 210292646051A"} -index 0
con
----------------End of Script----------------

12:36:19 INFO  : Disconnected from the channel tcfchan#4.
12:37:22 INFO  : 'targets -set -filter {jtag_cable_name =~ "Digilent Nexys4DDR 210292646051A" && level==0} -index 0' command is executed.
12:37:22 INFO  : 'fpga -state' command is executed.
12:37:22 INFO  : Connected to target on host '127.0.0.1' and port '3121'.
12:37:22 INFO  : Jtag cable 'Digilent Nexys4DDR 210292646051A' is selected.
12:37:22 INFO  : 'jtag frequency' command is executed.
12:37:22 INFO  : 'configparams mdm-detect-bscan-mask 2' command is executed.
12:37:22 INFO  : Context for processor 'microblaze_0' is selected.
12:37:22 INFO  : Processor reset is completed for 'microblaze_0'.
12:37:22 INFO  : Context for processor 'microblaze_0' is selected.
12:37:23 INFO  : The application 'C:/Users/poyisamu/fifoStream/fifoStream.sdk/streamFIFO/Debug/streamFIFO.elf' is downloaded to processor 'microblaze_0'.
12:37:23 INFO  : ----------------XSDB Script----------------
connect -url tcp:127.0.0.1:3121
configparams mdm-detect-bscan-mask 2
targets -set -nocase -filter {name =~ "microblaze*#0" && bscan=="USER2"  && jtag_cable_name =~ "Digilent Nexys4DDR 210292646051A"} -index 0
rst -processor
targets -set -nocase -filter {name =~ "microblaze*#0" && bscan=="USER2"  && jtag_cable_name =~ "Digilent Nexys4DDR 210292646051A"} -index 0
dow C:/Users/poyisamu/fifoStream/fifoStream.sdk/streamFIFO/Debug/streamFIFO.elf
----------------End of Script----------------

12:37:23 INFO  : Context for processor 'microblaze_0' is selected.
12:37:23 INFO  : 'con' command is executed.
12:37:23 INFO  : ----------------XSDB Script (After Launch)----------------
targets -set -nocase -filter {name =~ "microblaze*#0" && bscan=="USER2"  && jtag_cable_name =~ "Digilent Nexys4DDR 210292646051A"} -index 0
con
----------------End of Script----------------

12:37:23 INFO  : Disconnected from the channel tcfchan#5.
13:57:17 INFO  : 'targets -set -filter {jtag_cable_name =~ "Digilent Nexys4DDR 210292646051A" && level==0} -index 0' command is executed.
13:57:17 INFO  : 'fpga -state' command is executed.
13:57:17 INFO  : Connected to target on host '127.0.0.1' and port '3121'.
13:57:17 INFO  : Jtag cable 'Digilent Nexys4DDR 210292646051A' is selected.
13:57:17 INFO  : 'jtag frequency' command is executed.
13:57:17 INFO  : 'configparams mdm-detect-bscan-mask 2' command is executed.
13:57:19 INFO  : Context for processor 'microblaze_0' is selected.
13:57:19 INFO  : Processor reset is completed for 'microblaze_0'.
13:57:20 INFO  : Context for processor 'microblaze_0' is selected.
13:57:20 INFO  : The application 'C:/Users/poyisamu/fifoStream/fifoStream.sdk/streamFIFO/Debug/streamFIFO.elf' is downloaded to processor 'microblaze_0'.
13:57:20 INFO  : ----------------XSDB Script----------------
connect -url tcp:127.0.0.1:3121
configparams mdm-detect-bscan-mask 2
targets -set -nocase -filter {name =~ "microblaze*#0" && bscan=="USER2"  && jtag_cable_name =~ "Digilent Nexys4DDR 210292646051A"} -index 0
rst -processor
targets -set -nocase -filter {name =~ "microblaze*#0" && bscan=="USER2"  && jtag_cable_name =~ "Digilent Nexys4DDR 210292646051A"} -index 0
dow C:/Users/poyisamu/fifoStream/fifoStream.sdk/streamFIFO/Debug/streamFIFO.elf
----------------End of Script----------------

13:57:22 INFO  : Context for processor 'microblaze_0' is selected.
13:57:22 INFO  : 'con' command is executed.
13:57:22 INFO  : ----------------XSDB Script (After Launch)----------------
targets -set -nocase -filter {name =~ "microblaze*#0" && bscan=="USER2"  && jtag_cable_name =~ "Digilent Nexys4DDR 210292646051A"} -index 0
con
----------------End of Script----------------

13:57:22 INFO  : Disconnected from the channel tcfchan#6.
13:59:35 INFO  : 'targets -set -filter {jtag_cable_name =~ "Digilent Nexys4DDR 210292646051A" && level==0} -index 0' command is executed.
13:59:35 INFO  : 'fpga -state' command is executed.
13:59:35 INFO  : Connected to target on host '127.0.0.1' and port '3121'.
13:59:35 INFO  : Jtag cable 'Digilent Nexys4DDR 210292646051A' is selected.
13:59:35 INFO  : 'jtag frequency' command is executed.
13:59:35 INFO  : 'configparams mdm-detect-bscan-mask 2' command is executed.
13:59:37 INFO  : Context for processor 'microblaze_0' is selected.
13:59:37 INFO  : Processor reset is completed for 'microblaze_0'.
13:59:38 INFO  : Context for processor 'microblaze_0' is selected.
13:59:38 INFO  : The application 'C:/Users/poyisamu/fifoStream/fifoStream.sdk/streamFIFO/Debug/streamFIFO.elf' is downloaded to processor 'microblaze_0'.
13:59:38 INFO  : ----------------XSDB Script----------------
connect -url tcp:127.0.0.1:3121
configparams mdm-detect-bscan-mask 2
targets -set -nocase -filter {name =~ "microblaze*#0" && bscan=="USER2"  && jtag_cable_name =~ "Digilent Nexys4DDR 210292646051A"} -index 0
rst -processor
targets -set -nocase -filter {name =~ "microblaze*#0" && bscan=="USER2"  && jtag_cable_name =~ "Digilent Nexys4DDR 210292646051A"} -index 0
dow C:/Users/poyisamu/fifoStream/fifoStream.sdk/streamFIFO/Debug/streamFIFO.elf
----------------End of Script----------------

13:59:39 INFO  : Context for processor 'microblaze_0' is selected.
13:59:39 INFO  : 'con' command is executed.
13:59:39 INFO  : ----------------XSDB Script (After Launch)----------------
targets -set -nocase -filter {name =~ "microblaze*#0" && bscan=="USER2"  && jtag_cable_name =~ "Digilent Nexys4DDR 210292646051A"} -index 0
con
----------------End of Script----------------

13:59:39 INFO  : Disconnected from the channel tcfchan#7.
14:01:31 INFO  : 'targets -set -filter {jtag_cable_name =~ "Digilent Nexys4DDR 210292646051A" && level==0} -index 0' command is executed.
14:01:31 INFO  : 'fpga -state' command is executed.
14:01:31 INFO  : Connected to target on host '127.0.0.1' and port '3121'.
14:01:32 INFO  : Jtag cable 'Digilent Nexys4DDR 210292646051A' is selected.
14:01:32 INFO  : 'jtag frequency' command is executed.
14:01:32 INFO  : 'configparams mdm-detect-bscan-mask 2' command is executed.
14:01:33 INFO  : Context for processor 'microblaze_0' is selected.
14:01:33 INFO  : Processor reset is completed for 'microblaze_0'.
14:01:34 INFO  : Context for processor 'microblaze_0' is selected.
14:01:34 INFO  : The application 'C:/Users/poyisamu/fifoStream/fifoStream.sdk/streamFIFO/Debug/streamFIFO.elf' is downloaded to processor 'microblaze_0'.
14:01:34 INFO  : ----------------XSDB Script----------------
connect -url tcp:127.0.0.1:3121
configparams mdm-detect-bscan-mask 2
targets -set -nocase -filter {name =~ "microblaze*#0" && bscan=="USER2"  && jtag_cable_name =~ "Digilent Nexys4DDR 210292646051A"} -index 0
rst -processor
targets -set -nocase -filter {name =~ "microblaze*#0" && bscan=="USER2"  && jtag_cable_name =~ "Digilent Nexys4DDR 210292646051A"} -index 0
dow C:/Users/poyisamu/fifoStream/fifoStream.sdk/streamFIFO/Debug/streamFIFO.elf
----------------End of Script----------------

14:01:36 INFO  : Context for processor 'microblaze_0' is selected.
14:01:36 INFO  : 'con' command is executed.
14:01:36 INFO  : ----------------XSDB Script (After Launch)----------------
targets -set -nocase -filter {name =~ "microblaze*#0" && bscan=="USER2"  && jtag_cable_name =~ "Digilent Nexys4DDR 210292646051A"} -index 0
con
----------------End of Script----------------

14:01:36 INFO  : Disconnected from the channel tcfchan#8.
14:03:55 INFO  : Registering command handlers for SDK TCF services
14:03:55 INFO  : Launching XSCT server: xsct.bat -interactive C:\Users\poyisamu\fifoStream\fifoStream.sdk\temp_xsdb_launch_script.tcl
14:03:57 INFO  : XSCT server has started successfully.
14:03:58 INFO  : Successfully done setting XSCT server connection channel  
14:03:58 INFO  : Successfully done setting SDK workspace  
14:03:58 INFO  : Processing command line option -hwspec C:/Users/poyisamu/fifoStream/fifoStream.sdk/canteloupe_wrapper.hdf.
14:03:58 INFO  : Checking for hwspec changes in the project canteloupe_wrapper_hw_platform_0.
14:04:34 INFO  : 'targets -set -filter {jtag_cable_name =~ "Digilent Nexys4DDR 210292646051A" && level==0} -index 0' command is executed.
14:04:34 INFO  : 'fpga -state' command is executed.
14:04:34 INFO  : Connected to target on host '127.0.0.1' and port '3121'.
14:04:35 INFO  : Jtag cable 'Digilent Nexys4DDR 210292646051A' is selected.
14:04:35 INFO  : 'jtag frequency' command is executed.
14:04:35 INFO  : 'configparams mdm-detect-bscan-mask 2' command is executed.
14:04:36 INFO  : Context for processor 'microblaze_0' is selected.
14:04:36 INFO  : Processor reset is completed for 'microblaze_0'.
14:04:37 INFO  : Context for processor 'microblaze_0' is selected.
14:04:37 INFO  : The application 'C:/Users/poyisamu/fifoStream/fifoStream.sdk/streamFIFO/Debug/streamFIFO.elf' is downloaded to processor 'microblaze_0'.
14:04:37 INFO  : ----------------XSDB Script----------------
connect -url tcp:127.0.0.1:3121
configparams mdm-detect-bscan-mask 2
targets -set -nocase -filter {name =~ "microblaze*#0" && bscan=="USER2"  && jtag_cable_name =~ "Digilent Nexys4DDR 210292646051A"} -index 0
rst -processor
targets -set -nocase -filter {name =~ "microblaze*#0" && bscan=="USER2"  && jtag_cable_name =~ "Digilent Nexys4DDR 210292646051A"} -index 0
dow C:/Users/poyisamu/fifoStream/fifoStream.sdk/streamFIFO/Debug/streamFIFO.elf
----------------End of Script----------------

14:04:39 INFO  : Context for processor 'microblaze_0' is selected.
14:04:39 INFO  : 'con' command is executed.
14:04:39 INFO  : ----------------XSDB Script (After Launch)----------------
targets -set -nocase -filter {name =~ "microblaze*#0" && bscan=="USER2"  && jtag_cable_name =~ "Digilent Nexys4DDR 210292646051A"} -index 0
con
----------------End of Script----------------

14:04:39 INFO  : Disconnected from the channel tcfchan#1.
14:05:47 INFO  : Connected to target on host '127.0.0.1' and port '3121'.
14:05:50 INFO  : 'targets -set -filter {jtag_cable_name =~ "Digilent Nexys4DDR 210292646051A" && level==0} -index 0' command is executed.
14:05:52 INFO  : FPGA configured successfully with bitstream "C:/Users/poyisamu/fifoStream/fifoStream.sdk/canteloupe_wrapper_hw_platform_0/download.bit"
14:06:46 INFO  : 'targets -set -filter {jtag_cable_name =~ "Digilent Nexys4DDR 210292646051A" && level==0} -index 0' command is executed.
14:06:46 INFO  : 'fpga -state' command is executed.
14:06:46 INFO  : Connected to target on host '127.0.0.1' and port '3121'.
14:06:46 INFO  : Jtag cable 'Digilent Nexys4DDR 210292646051A' is selected.
14:06:46 INFO  : 'jtag frequency' command is executed.
14:06:46 INFO  : 'configparams mdm-detect-bscan-mask 2' command is executed.
14:06:46 INFO  : Context for processor 'microblaze_0' is selected.
14:06:46 INFO  : Processor reset is completed for 'microblaze_0'.
14:06:46 INFO  : Context for processor 'microblaze_0' is selected.
14:06:46 INFO  : The application 'C:/Users/poyisamu/fifoStream/fifoStream.sdk/streamFIFO/Debug/streamFIFO.elf' is downloaded to processor 'microblaze_0'.
14:06:46 INFO  : ----------------XSDB Script----------------
connect -url tcp:127.0.0.1:3121
configparams mdm-detect-bscan-mask 2
targets -set -nocase -filter {name =~ "microblaze*#0" && bscan=="USER2"  && jtag_cable_name =~ "Digilent Nexys4DDR 210292646051A"} -index 0
rst -processor
targets -set -nocase -filter {name =~ "microblaze*#0" && bscan=="USER2"  && jtag_cable_name =~ "Digilent Nexys4DDR 210292646051A"} -index 0
dow C:/Users/poyisamu/fifoStream/fifoStream.sdk/streamFIFO/Debug/streamFIFO.elf
----------------End of Script----------------

14:06:46 INFO  : Context for processor 'microblaze_0' is selected.
14:06:46 INFO  : 'con' command is executed.
14:06:46 INFO  : ----------------XSDB Script (After Launch)----------------
targets -set -nocase -filter {name =~ "microblaze*#0" && bscan=="USER2"  && jtag_cable_name =~ "Digilent Nexys4DDR 210292646051A"} -index 0
con
----------------End of Script----------------

14:06:46 INFO  : Disconnected from the channel tcfchan#2.
14:17:47 INFO  : 'targets -set -filter {jtag_cable_name =~ "Digilent Nexys4DDR 210292646051A" && level==0} -index 0' command is executed.
14:17:48 INFO  : 'fpga -state' command is executed.
14:17:48 INFO  : Connected to target on host '127.0.0.1' and port '3121'.
14:17:48 INFO  : Jtag cable 'Digilent Nexys4DDR 210292646051A' is selected.
14:17:48 INFO  : 'jtag frequency' command is executed.
14:17:48 INFO  : 'configparams mdm-detect-bscan-mask 2' command is executed.
14:17:48 INFO  : Context for processor 'microblaze_0' is selected.
14:17:48 INFO  : Processor reset is completed for 'microblaze_0'.
14:17:48 INFO  : Context for processor 'microblaze_0' is selected.
14:17:48 INFO  : The application 'C:/Users/poyisamu/fifoStream/fifoStream.sdk/streamFIFO/Debug/streamFIFO.elf' is downloaded to processor 'microblaze_0'.
14:17:48 INFO  : ----------------XSDB Script----------------
connect -url tcp:127.0.0.1:3121
configparams mdm-detect-bscan-mask 2
targets -set -nocase -filter {name =~ "microblaze*#0" && bscan=="USER2"  && jtag_cable_name =~ "Digilent Nexys4DDR 210292646051A"} -index 0
rst -processor
targets -set -nocase -filter {name =~ "microblaze*#0" && bscan=="USER2"  && jtag_cable_name =~ "Digilent Nexys4DDR 210292646051A"} -index 0
dow C:/Users/poyisamu/fifoStream/fifoStream.sdk/streamFIFO/Debug/streamFIFO.elf
----------------End of Script----------------

14:17:48 INFO  : Context for processor 'microblaze_0' is selected.
14:17:48 INFO  : 'con' command is executed.
14:17:48 INFO  : ----------------XSDB Script (After Launch)----------------
targets -set -nocase -filter {name =~ "microblaze*#0" && bscan=="USER2"  && jtag_cable_name =~ "Digilent Nexys4DDR 210292646051A"} -index 0
con
----------------End of Script----------------

14:17:48 INFO  : Disconnected from the channel tcfchan#3.
14:18:39 INFO  : 'targets -set -filter {jtag_cable_name =~ "Digilent Nexys4DDR 210292646051A" && level==0} -index 0' command is executed.
14:18:39 INFO  : 'fpga -state' command is executed.
14:18:39 INFO  : Connected to target on host '127.0.0.1' and port '3121'.
14:18:39 INFO  : Jtag cable 'Digilent Nexys4DDR 210292646051A' is selected.
14:18:39 INFO  : 'jtag frequency' command is executed.
14:18:39 INFO  : 'configparams mdm-detect-bscan-mask 2' command is executed.
14:18:39 INFO  : Context for processor 'microblaze_0' is selected.
14:18:39 INFO  : Processor reset is completed for 'microblaze_0'.
14:18:39 INFO  : Context for processor 'microblaze_0' is selected.
14:18:39 INFO  : The application 'C:/Users/poyisamu/fifoStream/fifoStream.sdk/streamFIFO/Debug/streamFIFO.elf' is downloaded to processor 'microblaze_0'.
14:18:39 INFO  : ----------------XSDB Script----------------
connect -url tcp:127.0.0.1:3121
configparams mdm-detect-bscan-mask 2
targets -set -nocase -filter {name =~ "microblaze*#0" && bscan=="USER2"  && jtag_cable_name =~ "Digilent Nexys4DDR 210292646051A"} -index 0
rst -processor
targets -set -nocase -filter {name =~ "microblaze*#0" && bscan=="USER2"  && jtag_cable_name =~ "Digilent Nexys4DDR 210292646051A"} -index 0
dow C:/Users/poyisamu/fifoStream/fifoStream.sdk/streamFIFO/Debug/streamFIFO.elf
----------------End of Script----------------

14:18:39 INFO  : Context for processor 'microblaze_0' is selected.
14:18:39 INFO  : 'con' command is executed.
14:18:39 INFO  : ----------------XSDB Script (After Launch)----------------
targets -set -nocase -filter {name =~ "microblaze*#0" && bscan=="USER2"  && jtag_cable_name =~ "Digilent Nexys4DDR 210292646051A"} -index 0
con
----------------End of Script----------------

14:18:39 INFO  : Disconnected from the channel tcfchan#4.
14:20:14 INFO  : 'targets -set -filter {jtag_cable_name =~ "Digilent Nexys4DDR 210292646051A" && level==0} -index 0' command is executed.
14:20:14 INFO  : 'fpga -state' command is executed.
14:20:14 INFO  : Connected to target on host '127.0.0.1' and port '3121'.
14:20:14 INFO  : Jtag cable 'Digilent Nexys4DDR 210292646051A' is selected.
14:20:14 INFO  : 'jtag frequency' command is executed.
14:20:14 INFO  : 'configparams mdm-detect-bscan-mask 2' command is executed.
14:20:14 INFO  : Context for processor 'microblaze_0' is selected.
14:20:14 INFO  : Processor reset is completed for 'microblaze_0'.
14:20:14 INFO  : Context for processor 'microblaze_0' is selected.
14:20:14 INFO  : The application 'C:/Users/poyisamu/fifoStream/fifoStream.sdk/streamFIFO/Debug/streamFIFO.elf' is downloaded to processor 'microblaze_0'.
14:20:14 INFO  : ----------------XSDB Script----------------
connect -url tcp:127.0.0.1:3121
configparams mdm-detect-bscan-mask 2
targets -set -nocase -filter {name =~ "microblaze*#0" && bscan=="USER2"  && jtag_cable_name =~ "Digilent Nexys4DDR 210292646051A"} -index 0
rst -processor
targets -set -nocase -filter {name =~ "microblaze*#0" && bscan=="USER2"  && jtag_cable_name =~ "Digilent Nexys4DDR 210292646051A"} -index 0
dow C:/Users/poyisamu/fifoStream/fifoStream.sdk/streamFIFO/Debug/streamFIFO.elf
----------------End of Script----------------

14:20:14 INFO  : Context for processor 'microblaze_0' is selected.
14:20:14 INFO  : 'con' command is executed.
14:20:14 INFO  : ----------------XSDB Script (After Launch)----------------
targets -set -nocase -filter {name =~ "microblaze*#0" && bscan=="USER2"  && jtag_cable_name =~ "Digilent Nexys4DDR 210292646051A"} -index 0
con
----------------End of Script----------------

14:20:14 INFO  : Disconnected from the channel tcfchan#5.
15:01:15 INFO  : 'targets -set -filter {jtag_cable_name =~ "Digilent Nexys4DDR 210292646051A" && level==0} -index 0' command is executed.
15:01:15 INFO  : 'fpga -state' command is executed.
15:01:15 INFO  : Connected to target on host '127.0.0.1' and port '3121'.
15:01:15 INFO  : Jtag cable 'Digilent Nexys4DDR 210292646051A' is selected.
15:01:15 INFO  : 'jtag frequency' command is executed.
15:01:15 INFO  : 'configparams mdm-detect-bscan-mask 2' command is executed.
15:01:15 INFO  : Context for processor 'microblaze_0' is selected.
15:01:15 INFO  : Processor reset is completed for 'microblaze_0'.
15:01:15 INFO  : Context for processor 'microblaze_0' is selected.
15:01:15 INFO  : The application 'C:/Users/poyisamu/fifoStream/fifoStream.sdk/streamFIFO/Debug/streamFIFO.elf' is downloaded to processor 'microblaze_0'.
15:01:15 INFO  : ----------------XSDB Script----------------
connect -url tcp:127.0.0.1:3121
configparams mdm-detect-bscan-mask 2
targets -set -nocase -filter {name =~ "microblaze*#0" && bscan=="USER2"  && jtag_cable_name =~ "Digilent Nexys4DDR 210292646051A"} -index 0
rst -processor
targets -set -nocase -filter {name =~ "microblaze*#0" && bscan=="USER2"  && jtag_cable_name =~ "Digilent Nexys4DDR 210292646051A"} -index 0
dow C:/Users/poyisamu/fifoStream/fifoStream.sdk/streamFIFO/Debug/streamFIFO.elf
----------------End of Script----------------

15:01:15 INFO  : Context for processor 'microblaze_0' is selected.
15:01:15 INFO  : 'con' command is executed.
15:01:15 INFO  : ----------------XSDB Script (After Launch)----------------
targets -set -nocase -filter {name =~ "microblaze*#0" && bscan=="USER2"  && jtag_cable_name =~ "Digilent Nexys4DDR 210292646051A"} -index 0
con
----------------End of Script----------------

15:01:15 INFO  : Disconnected from the channel tcfchan#6.
15:11:44 INFO  : 'targets -set -filter {jtag_cable_name =~ "Digilent Nexys4DDR 210292646051A" && level==0} -index 0' command is executed.
15:11:44 INFO  : 'fpga -state' command is executed.
15:11:44 INFO  : Connected to target on host '127.0.0.1' and port '3121'.
15:11:44 INFO  : Jtag cable 'Digilent Nexys4DDR 210292646051A' is selected.
15:11:44 INFO  : 'jtag frequency' command is executed.
15:11:44 INFO  : 'configparams mdm-detect-bscan-mask 2' command is executed.
15:11:44 INFO  : Context for processor 'microblaze_0' is selected.
15:11:44 INFO  : Processor reset is completed for 'microblaze_0'.
15:11:44 INFO  : Context for processor 'microblaze_0' is selected.
15:11:44 INFO  : The application 'C:/Users/poyisamu/fifoStream/fifoStream.sdk/streamFIFO/Debug/streamFIFO.elf' is downloaded to processor 'microblaze_0'.
15:11:44 INFO  : ----------------XSDB Script----------------
connect -url tcp:127.0.0.1:3121
configparams mdm-detect-bscan-mask 2
targets -set -nocase -filter {name =~ "microblaze*#0" && bscan=="USER2"  && jtag_cable_name =~ "Digilent Nexys4DDR 210292646051A"} -index 0
rst -processor
targets -set -nocase -filter {name =~ "microblaze*#0" && bscan=="USER2"  && jtag_cable_name =~ "Digilent Nexys4DDR 210292646051A"} -index 0
dow C:/Users/poyisamu/fifoStream/fifoStream.sdk/streamFIFO/Debug/streamFIFO.elf
----------------End of Script----------------

15:11:44 INFO  : Context for processor 'microblaze_0' is selected.
15:11:44 INFO  : 'con' command is executed.
15:11:44 INFO  : ----------------XSDB Script (After Launch)----------------
targets -set -nocase -filter {name =~ "microblaze*#0" && bscan=="USER2"  && jtag_cable_name =~ "Digilent Nexys4DDR 210292646051A"} -index 0
con
----------------End of Script----------------

15:11:44 INFO  : Disconnected from the channel tcfchan#7.
15:23:01 INFO  : 'targets -set -filter {jtag_cable_name =~ "Digilent Nexys4DDR 210292646051A" && level==0} -index 0' command is executed.
15:23:01 INFO  : 'fpga -state' command is executed.
15:23:01 INFO  : Connected to target on host '127.0.0.1' and port '3121'.
15:23:01 INFO  : Jtag cable 'Digilent Nexys4DDR 210292646051A' is selected.
15:23:01 INFO  : 'jtag frequency' command is executed.
15:23:01 INFO  : 'configparams mdm-detect-bscan-mask 2' command is executed.
15:23:01 INFO  : Context for processor 'microblaze_0' is selected.
15:23:01 INFO  : Processor reset is completed for 'microblaze_0'.
15:23:01 INFO  : Context for processor 'microblaze_0' is selected.
15:23:01 INFO  : The application 'C:/Users/poyisamu/fifoStream/fifoStream.sdk/streamFIFO/Debug/streamFIFO.elf' is downloaded to processor 'microblaze_0'.
15:23:01 INFO  : ----------------XSDB Script----------------
connect -url tcp:127.0.0.1:3121
configparams mdm-detect-bscan-mask 2
targets -set -nocase -filter {name =~ "microblaze*#0" && bscan=="USER2"  && jtag_cable_name =~ "Digilent Nexys4DDR 210292646051A"} -index 0
rst -processor
targets -set -nocase -filter {name =~ "microblaze*#0" && bscan=="USER2"  && jtag_cable_name =~ "Digilent Nexys4DDR 210292646051A"} -index 0
dow C:/Users/poyisamu/fifoStream/fifoStream.sdk/streamFIFO/Debug/streamFIFO.elf
----------------End of Script----------------

15:23:01 INFO  : Context for processor 'microblaze_0' is selected.
15:23:01 INFO  : 'con' command is executed.
15:23:01 INFO  : ----------------XSDB Script (After Launch)----------------
targets -set -nocase -filter {name =~ "microblaze*#0" && bscan=="USER2"  && jtag_cable_name =~ "Digilent Nexys4DDR 210292646051A"} -index 0
con
----------------End of Script----------------

15:23:01 INFO  : Disconnected from the channel tcfchan#8.
20:30:33 INFO  : Registering command handlers for SDK TCF services
20:30:34 INFO  : Launching XSCT server: xsct.bat -interactive C:\Users\poyisamu\fifoStream\fifoStream.sdk\temp_xsdb_launch_script.tcl
20:30:36 INFO  : XSCT server has started successfully.
20:30:36 INFO  : Processing command line option -hwspec C:/Users/poyisamu/fifoStream/fifoStream.sdk/canteloupe_wrapper.hdf.
20:30:36 INFO  : Successfully done setting XSCT server connection channel  
20:30:36 INFO  : Successfully done setting SDK workspace  
20:30:36 INFO  : Checking for hwspec changes in the project canteloupe_wrapper_hw_platform_0.
00:13:15 INFO  : SDK has detected change in the last modified timestamps for source hardware specification file Source:1617163737210,  Project:1617035161548
00:13:15 INFO  : Project canteloupe_wrapper_hw_platform_0's source hardware specification located at C:/Users/poyisamu/fifoStream/fifoStream.sdk/canteloupe_wrapper.hdf is now different from the local copy.
		 The local copy will be replaced with the source specification and your workspace will be updated.
00:14:57 INFO  : Copied contents of C:/Users/poyisamu/fifoStream/fifoStream.sdk/canteloupe_wrapper.hdf into \canteloupe_wrapper_hw_platform_0\system.hdf.
00:15:00 INFO  : Synchronizing projects in the workspace with the hardware platform specification changes.
00:15:04 INFO  : 
00:15:05 INFO  : Updating hardware inferred compiler options for streamFIFO.
00:15:05 INFO  : Clearing existing target manager status.
00:16:10 INFO  : Registering command handlers for SDK TCF services
00:16:11 INFO  : Launching XSCT server: xsct.bat -interactive C:\Users\poyisamu\fifoStream\fifoStream.sdk\temp_xsdb_launch_script.tcl
00:16:13 INFO  : XSCT server has started successfully.
00:16:13 INFO  : Processing command line option -hwspec C:/Users/poyisamu/fifoStream/fifoStream.sdk/canteloupe_wrapper.hdf.
00:16:13 INFO  : Successfully done setting XSCT server connection channel  
00:16:13 INFO  : Successfully done setting SDK workspace  
00:16:13 INFO  : Checking for hwspec changes in the project canteloupe_wrapper_hw_platform_0.
00:17:07 INFO  : 'targets -set -filter {jtag_cable_name =~ "Digilent Nexys4DDR 210292646209A" && level==0} -index 0' command is executed.
00:17:07 INFO  : 'fpga -state' command is executed.
00:17:07 INFO  : Connected to target on host '127.0.0.1' and port '3121'.
00:17:08 INFO  : Jtag cable 'Digilent Nexys4DDR 210292646209A' is selected.
00:17:08 INFO  : 'jtag frequency' command is executed.
00:17:08 INFO  : 'configparams mdm-detect-bscan-mask 2' command is executed.
00:17:08 INFO  : Context for processor 'microblaze_0' is selected.
00:17:08 INFO  : Processor reset is completed for 'microblaze_0'.
00:17:08 INFO  : Context for processor 'microblaze_0' is selected.
00:17:08 INFO  : The application 'C:/Users/poyisamu/fifoStream/fifoStream.sdk/streamFIFO/Debug/streamFIFO.elf' is downloaded to processor 'microblaze_0'.
00:17:08 INFO  : ----------------XSDB Script----------------
connect -url tcp:127.0.0.1:3121
configparams mdm-detect-bscan-mask 2
targets -set -nocase -filter {name =~ "microblaze*#0" && bscan=="USER2"  && jtag_cable_name =~ "Digilent Nexys4DDR 210292646209A"} -index 0
rst -processor
targets -set -nocase -filter {name =~ "microblaze*#0" && bscan=="USER2"  && jtag_cable_name =~ "Digilent Nexys4DDR 210292646209A"} -index 0
dow C:/Users/poyisamu/fifoStream/fifoStream.sdk/streamFIFO/Debug/streamFIFO.elf
----------------End of Script----------------

00:17:08 INFO  : Context for processor 'microblaze_0' is selected.
00:17:08 INFO  : 'con' command is executed.
00:17:08 INFO  : ----------------XSDB Script (After Launch)----------------
targets -set -nocase -filter {name =~ "microblaze*#0" && bscan=="USER2"  && jtag_cable_name =~ "Digilent Nexys4DDR 210292646209A"} -index 0
con
----------------End of Script----------------

00:17:08 INFO  : Disconnected from the channel tcfchan#1.
00:42:15 INFO  : SDK has detected change in the last modified timestamps for source hardware specification file Source:1617165695099,  Project:1617163737210
00:42:15 INFO  : Project canteloupe_wrapper_hw_platform_0's source hardware specification located at C:/Users/poyisamu/fifoStream/fifoStream.sdk/canteloupe_wrapper.hdf is now different from the local copy.
		 The local copy will be replaced with the source specification and your workspace will be updated.
00:42:22 INFO  : Project canteloupe_wrapper_hw_platform_0's source hardware specification location will not be monitored anymore.
00:46:44 INFO  : Registering command handlers for SDK TCF services
00:46:45 INFO  : Launching XSCT server: xsct.bat -interactive C:\Users\poyisamu\fifoStream\fifoStream.sdk\temp_xsdb_launch_script.tcl
00:46:47 INFO  : XSCT server has started successfully.
00:46:47 INFO  : Processing command line option -hwspec C:/Users/poyisamu/fifoStream/fifoStream.sdk/canteloupe_wrapper.hdf.
00:46:47 INFO  : Successfully done setting XSCT server connection channel  
00:46:47 INFO  : Successfully done setting SDK workspace  
00:47:27 INFO  : 'targets -set -filter {jtag_cable_name =~ "Digilent Nexys4DDR 210292646209A" && level==0} -index 0' command is executed.
00:47:27 INFO  : 'fpga -state' command is executed.
00:47:27 INFO  : Connected to target on host '127.0.0.1' and port '3121'.
00:47:27 INFO  : Jtag cable 'Digilent Nexys4DDR 210292646209A' is selected.
00:47:27 INFO  : 'jtag frequency' command is executed.
00:47:27 INFO  : 'configparams mdm-detect-bscan-mask 2' command is executed.
00:47:27 INFO  : Context for processor 'microblaze_0' is selected.
00:47:27 INFO  : Processor reset is completed for 'microblaze_0'.
00:47:27 INFO  : Context for processor 'microblaze_0' is selected.
00:47:27 INFO  : The application 'C:/Users/poyisamu/fifoStream/fifoStream.sdk/streamFIFO/Debug/streamFIFO.elf' is downloaded to processor 'microblaze_0'.
00:47:27 INFO  : ----------------XSDB Script----------------
connect -url tcp:127.0.0.1:3121
configparams mdm-detect-bscan-mask 2
targets -set -nocase -filter {name =~ "microblaze*#0" && bscan=="USER2"  && jtag_cable_name =~ "Digilent Nexys4DDR 210292646209A"} -index 0
rst -processor
targets -set -nocase -filter {name =~ "microblaze*#0" && bscan=="USER2"  && jtag_cable_name =~ "Digilent Nexys4DDR 210292646209A"} -index 0
dow C:/Users/poyisamu/fifoStream/fifoStream.sdk/streamFIFO/Debug/streamFIFO.elf
----------------End of Script----------------

00:47:27 INFO  : Context for processor 'microblaze_0' is selected.
00:47:27 INFO  : 'con' command is executed.
00:47:27 INFO  : ----------------XSDB Script (After Launch)----------------
targets -set -nocase -filter {name =~ "microblaze*#0" && bscan=="USER2"  && jtag_cable_name =~ "Digilent Nexys4DDR 210292646209A"} -index 0
con
----------------End of Script----------------

00:47:27 INFO  : Disconnected from the channel tcfchan#1.
01:58:09 INFO  : Launching XSCT server: xsct.bat -interactive C:\Users\poyisamu\fifoStream\fifoStream.sdk\temp_xsdb_launch_script.tcl
01:58:11 INFO  : XSCT server has started successfully.
01:58:14 INFO  : Successfully done setting XSCT server connection channel  
01:58:14 INFO  : Successfully done setting SDK workspace  
01:58:16 INFO  : Registering command handlers for SDK TCF services
01:58:16 INFO  : Processing command line option -hwspec C:/Users/poyisamu/fifoStream/fifoStream.sdk/canteloupe_wrapper.hdf.
01:58:17 INFO  : Checking for hwspec changes in the project canteloupe_wrapper_hw_platform_1.
01:58:17 INFO  : SDK has detected change in the last modified timestamps for source hardware specification file Source:1617169851327,  Project:1617165695099
01:58:17 INFO  : The hardware specification for project 'canteloupe_wrapper_hw_platform_1' is different from C:/Users/poyisamu/fifoStream/fifoStream.sdk/canteloupe_wrapper.hdf.
01:58:17 INFO  : Copied contents of C:/Users/poyisamu/fifoStream/fifoStream.sdk/canteloupe_wrapper.hdf into \canteloupe_wrapper_hw_platform_1\system.hdf.
01:58:19 INFO  : Synchronizing projects in the workspace with the hardware platform specification changes.
01:58:20 INFO  : Clearing existing target manager status.
01:58:20 INFO  : Workspace synchronized with the new hardware specification file. Cleaning dependent projects...
01:58:20 WARN  : Linker script will not be updated automatically. Users need to update it manually.
01:58:31 INFO  : 'targets -set -filter {jtag_cable_name =~ "Digilent Nexys4DDR 210292646209A" && level==0} -index 0' command is executed.
01:58:31 INFO  : 'fpga -state' command is executed.
01:58:31 INFO  : Connected to target on host '127.0.0.1' and port '3121'.
01:58:32 INFO  : Jtag cable 'Digilent Nexys4DDR 210292646209A' is selected.
01:58:32 INFO  : 'jtag frequency' command is executed.
01:58:32 INFO  : 'configparams mdm-detect-bscan-mask 2' command is executed.
01:58:32 INFO  : Context for processor 'microblaze_0' is selected.
01:58:32 INFO  : Processor reset is completed for 'microblaze_0'.
01:58:32 INFO  : Context for processor 'microblaze_0' is selected.
01:58:32 INFO  : The application 'C:/Users/poyisamu/fifoStream/fifoStream.sdk/streamFIFO/Debug/streamFIFO.elf' is downloaded to processor 'microblaze_0'.
01:58:32 INFO  : ----------------XSDB Script----------------
connect -url tcp:127.0.0.1:3121
configparams mdm-detect-bscan-mask 2
targets -set -nocase -filter {name =~ "microblaze*#0" && bscan=="USER2"  && jtag_cable_name =~ "Digilent Nexys4DDR 210292646209A"} -index 0
rst -processor
targets -set -nocase -filter {name =~ "microblaze*#0" && bscan=="USER2"  && jtag_cable_name =~ "Digilent Nexys4DDR 210292646209A"} -index 0
dow C:/Users/poyisamu/fifoStream/fifoStream.sdk/streamFIFO/Debug/streamFIFO.elf
----------------End of Script----------------

01:58:32 INFO  : Context for processor 'microblaze_0' is selected.
01:58:32 INFO  : 'con' command is executed.
01:58:32 INFO  : ----------------XSDB Script (After Launch)----------------
targets -set -nocase -filter {name =~ "microblaze*#0" && bscan=="USER2"  && jtag_cable_name =~ "Digilent Nexys4DDR 210292646209A"} -index 0
con
----------------End of Script----------------

01:58:32 INFO  : Disconnected from the channel tcfchan#1.
02:48:00 INFO  : SDK has detected change in the last modified timestamps for source hardware specification file Source:1617173135218,  Project:1617169851327
02:48:00 INFO  : Project canteloupe_wrapper_hw_platform_1's source hardware specification located at C:/Users/poyisamu/fifoStream/fifoStream.sdk/canteloupe_wrapper.hdf is now different from the local copy.
		 The local copy will be replaced with the source specification and your workspace will be updated.
02:48:07 INFO  : Project canteloupe_wrapper_hw_platform_1's source hardware specification location will not be monitored anymore.
02:48:32 INFO  : Registering command handlers for SDK TCF services
02:48:32 INFO  : Launching XSCT server: xsct.bat -interactive C:\Users\poyisamu\fifoStream\fifoStream.sdk\temp_xsdb_launch_script.tcl
02:48:34 INFO  : XSCT server has started successfully.
02:48:34 INFO  : Successfully done setting XSCT server connection channel  
02:48:35 INFO  : Processing command line option -hwspec C:/Users/poyisamu/fifoStream/fifoStream.sdk/canteloupe_wrapper.hdf.
02:48:35 INFO  : Successfully done setting SDK workspace  
02:48:46 INFO  : 'targets -set -filter {jtag_cable_name =~ "Digilent Nexys4DDR 210292646209A" && level==0} -index 0' command is executed.
02:48:46 INFO  : 'fpga -state' command is executed.
02:48:46 INFO  : Connected to target on host '127.0.0.1' and port '3121'.
02:48:46 INFO  : Jtag cable 'Digilent Nexys4DDR 210292646209A' is selected.
02:48:46 INFO  : 'jtag frequency' command is executed.
02:48:46 INFO  : 'configparams mdm-detect-bscan-mask 2' command is executed.
02:48:46 INFO  : Context for processor 'microblaze_0' is selected.
02:48:46 INFO  : Processor reset is completed for 'microblaze_0'.
02:48:46 INFO  : Context for processor 'microblaze_0' is selected.
02:48:47 INFO  : The application 'C:/Users/poyisamu/fifoStream/fifoStream.sdk/streamFIFO/Debug/streamFIFO.elf' is downloaded to processor 'microblaze_0'.
02:48:47 INFO  : ----------------XSDB Script----------------
connect -url tcp:127.0.0.1:3121
configparams mdm-detect-bscan-mask 2
targets -set -nocase -filter {name =~ "microblaze*#0" && bscan=="USER2"  && jtag_cable_name =~ "Digilent Nexys4DDR 210292646209A"} -index 0
rst -processor
targets -set -nocase -filter {name =~ "microblaze*#0" && bscan=="USER2"  && jtag_cable_name =~ "Digilent Nexys4DDR 210292646209A"} -index 0
dow C:/Users/poyisamu/fifoStream/fifoStream.sdk/streamFIFO/Debug/streamFIFO.elf
----------------End of Script----------------

02:48:47 INFO  : Context for processor 'microblaze_0' is selected.
02:48:47 INFO  : 'con' command is executed.
02:48:47 INFO  : ----------------XSDB Script (After Launch)----------------
targets -set -nocase -filter {name =~ "microblaze*#0" && bscan=="USER2"  && jtag_cable_name =~ "Digilent Nexys4DDR 210292646209A"} -index 0
con
----------------End of Script----------------

02:48:47 INFO  : Disconnected from the channel tcfchan#1.
02:49:05 INFO  : 'targets -set -filter {jtag_cable_name =~ "Digilent Nexys4DDR 210292646209A" && level==0} -index 0' command is executed.
02:49:05 INFO  : 'fpga -state' command is executed.
02:49:05 INFO  : Connected to target on host '127.0.0.1' and port '3121'.
02:49:05 INFO  : Jtag cable 'Digilent Nexys4DDR 210292646209A' is selected.
02:49:05 INFO  : 'jtag frequency' command is executed.
02:49:05 INFO  : 'configparams mdm-detect-bscan-mask 2' command is executed.
02:49:06 INFO  : Context for processor 'microblaze_0' is selected.
02:49:06 INFO  : Processor reset is completed for 'microblaze_0'.
02:49:06 INFO  : Context for processor 'microblaze_0' is selected.
02:49:06 INFO  : The application 'C:/Users/poyisamu/fifoStream/fifoStream.sdk/streamFIFO/Debug/streamFIFO.elf' is downloaded to processor 'microblaze_0'.
02:49:06 INFO  : ----------------XSDB Script----------------
connect -url tcp:127.0.0.1:3121
configparams mdm-detect-bscan-mask 2
targets -set -nocase -filter {name =~ "microblaze*#0" && bscan=="USER2"  && jtag_cable_name =~ "Digilent Nexys4DDR 210292646209A"} -index 0
rst -processor
targets -set -nocase -filter {name =~ "microblaze*#0" && bscan=="USER2"  && jtag_cable_name =~ "Digilent Nexys4DDR 210292646209A"} -index 0
dow C:/Users/poyisamu/fifoStream/fifoStream.sdk/streamFIFO/Debug/streamFIFO.elf
----------------End of Script----------------

02:49:06 INFO  : Context for processor 'microblaze_0' is selected.
02:49:06 INFO  : 'con' command is executed.
02:49:06 INFO  : ----------------XSDB Script (After Launch)----------------
targets -set -nocase -filter {name =~ "microblaze*#0" && bscan=="USER2"  && jtag_cable_name =~ "Digilent Nexys4DDR 210292646209A"} -index 0
con
----------------End of Script----------------

02:49:06 INFO  : Disconnected from the channel tcfchan#2.
02:58:45 INFO  : 'targets -set -filter {jtag_cable_name =~ "Digilent Nexys4DDR 210292646209A" && level==0} -index 0' command is executed.
02:58:45 INFO  : 'fpga -state' command is executed.
02:58:45 INFO  : Connected to target on host '127.0.0.1' and port '3121'.
02:58:45 INFO  : Jtag cable 'Digilent Nexys4DDR 210292646209A' is selected.
02:58:45 INFO  : 'jtag frequency' command is executed.
02:58:45 INFO  : 'configparams mdm-detect-bscan-mask 2' command is executed.
02:58:45 INFO  : Context for processor 'microblaze_0' is selected.
02:58:45 INFO  : Processor reset is completed for 'microblaze_0'.
02:58:45 INFO  : Context for processor 'microblaze_0' is selected.
02:58:45 INFO  : The application 'C:/Users/poyisamu/fifoStream/fifoStream.sdk/streamFIFO/Debug/streamFIFO.elf' is downloaded to processor 'microblaze_0'.
02:58:45 INFO  : ----------------XSDB Script----------------
connect -url tcp:127.0.0.1:3121
configparams mdm-detect-bscan-mask 2
targets -set -nocase -filter {name =~ "microblaze*#0" && bscan=="USER2"  && jtag_cable_name =~ "Digilent Nexys4DDR 210292646209A"} -index 0
rst -processor
targets -set -nocase -filter {name =~ "microblaze*#0" && bscan=="USER2"  && jtag_cable_name =~ "Digilent Nexys4DDR 210292646209A"} -index 0
dow C:/Users/poyisamu/fifoStream/fifoStream.sdk/streamFIFO/Debug/streamFIFO.elf
----------------End of Script----------------

02:58:45 INFO  : Context for processor 'microblaze_0' is selected.
02:58:45 INFO  : 'con' command is executed.
02:58:45 INFO  : ----------------XSDB Script (After Launch)----------------
targets -set -nocase -filter {name =~ "microblaze*#0" && bscan=="USER2"  && jtag_cable_name =~ "Digilent Nexys4DDR 210292646209A"} -index 0
con
----------------End of Script----------------

02:58:45 INFO  : Disconnected from the channel tcfchan#3.
04:35:27 INFO  : 'targets -set -filter {jtag_cable_name =~ "Digilent Nexys4DDR 210292646209A" && level==0} -index 0' command is executed.
04:35:27 INFO  : 'fpga -state' command is executed.
04:35:27 INFO  : Connected to target on host '127.0.0.1' and port '3121'.
04:35:27 INFO  : Jtag cable 'Digilent Nexys4DDR 210292646209A' is selected.
04:35:27 INFO  : 'jtag frequency' command is executed.
04:35:27 INFO  : 'configparams mdm-detect-bscan-mask 2' command is executed.
04:35:28 INFO  : Context for processor 'microblaze_0' is selected.
04:35:28 INFO  : Processor reset is completed for 'microblaze_0'.
04:35:28 INFO  : Context for processor 'microblaze_0' is selected.
04:35:28 INFO  : The application 'C:/Users/poyisamu/fifoStream/fifoStream.sdk/streamFIFO/Debug/streamFIFO.elf' is downloaded to processor 'microblaze_0'.
04:35:28 INFO  : ----------------XSDB Script----------------
connect -url tcp:127.0.0.1:3121
configparams mdm-detect-bscan-mask 2
targets -set -nocase -filter {name =~ "microblaze*#0" && bscan=="USER2"  && jtag_cable_name =~ "Digilent Nexys4DDR 210292646209A"} -index 0
rst -processor
targets -set -nocase -filter {name =~ "microblaze*#0" && bscan=="USER2"  && jtag_cable_name =~ "Digilent Nexys4DDR 210292646209A"} -index 0
dow C:/Users/poyisamu/fifoStream/fifoStream.sdk/streamFIFO/Debug/streamFIFO.elf
----------------End of Script----------------

04:35:28 INFO  : Context for processor 'microblaze_0' is selected.
04:35:28 INFO  : 'con' command is executed.
04:35:28 INFO  : ----------------XSDB Script (After Launch)----------------
targets -set -nocase -filter {name =~ "microblaze*#0" && bscan=="USER2"  && jtag_cable_name =~ "Digilent Nexys4DDR 210292646209A"} -index 0
con
----------------End of Script----------------

04:35:28 INFO  : Disconnected from the channel tcfchan#4.
04:52:17 INFO  : Registering command handlers for SDK TCF services
04:52:18 INFO  : Launching XSCT server: xsct.bat -interactive C:\Users\poyisamu\fifoStream\fifoStream.sdk\temp_xsdb_launch_script.tcl
04:52:20 INFO  : XSCT server has started successfully.
04:52:20 INFO  : Successfully done setting XSCT server connection channel  
04:52:20 INFO  : Processing command line option -hwspec C:/Users/poyisamu/fifoStream/fifoStream.sdk/canteloupe_wrapper.hdf.
04:52:20 INFO  : Successfully done setting SDK workspace  
04:52:20 INFO  : Checking for hwspec changes in the project canteloupe_wrapper_hw_platform_2.
