#-----------------------------------------------------------
# Vivado v2018.3 (64-bit)
# SW Build 2405991 on Thu Dec  6 23:38:27 MST 2018
# IP Build 2404404 on Fri Dec  7 01:43:56 MST 2018
# Start of session at: Thu Feb 25 10:18:12 2021
# Process ID: 1612
# Current directory: C:/Users/xiand/Xilinx/tri_mode_ethernet_mac_0_ex
# Command line: vivado.exe -gui_launcher_event rodinguilauncherevent2496 C:\Users\xiand\Xilinx\tri_mode_ethernet_mac_0_ex\tri_mode_ethernet_mac_0_ex.xpr
# Log file: C:/Users/xiand/Xilinx/tri_mode_ethernet_mac_0_ex/vivado.log
# Journal file: C:/Users/xiand/Xilinx/tri_mode_ethernet_mac_0_ex\vivado.jou
#-----------------------------------------------------------
start_gui
open_project C:/Users/xiand/Xilinx/tri_mode_ethernet_mac_0_ex/tri_mode_ethernet_mac_0_ex.xpr
INFO: [Project 1-313] Project file moved from 'c:/Users/zhouyuf5/tri_mode_ethernet_mac_0_ex' since last save.
Scanning sources...
Finished scanning sources
WARNING: [filemgmt 56-3] Board Part Repository Path: Could not find the directory 'W:/ECE532/Projects/Tut_3/board_files'.
CRITICAL WARNING: [Board 49-67] The board_part definition was not found for digilentinc.com:nexys4_ddr:part0:1.1. This can happen sometimes when you use custom board part. You can resolve this issue by setting 'board.repoPaths' parameter, pointing to the location of custom board files. Valid board_part values can be retrieved with the 'get_board_parts' Tcl command.
INFO: [IP_Flow 19-234] Refreshing IP repositories
INFO: [IP_Flow 19-1704] No user IP repositories specified
INFO: [IP_Flow 19-2313] Loaded Vivado IP repository 'D:/Xilinx/Vivado/2018.3/data/ip'.
WARNING: [IP_Flow 19-2162] IP 'tri_mode_ethernet_mac_0' is locked:
* This IP has board specific outputs. Current project board 'unset' and the board 'digilentinc.com:nexys4_ddr:part0:1.1' used to customize the IP 'tri_mode_ethernet_mac_0' do not match.
Please select 'Report IP Status' from the 'Tools/Report' menu or run Tcl command 'report_ip_status' for more information.
WARNING: [IP_Flow 19-5178] IP tri_mode_ethernet_mac_0 will not be generated with lower license level. If you would like to generate with the current available license levels, please reset and regenerate.
open_project: Time (s): cpu = 00:00:11 ; elapsed = 00:00:07 . Memory (MB): peak = 771.852 ; gain = 125.578
update_compile_order -fileset sources_1
exit
INFO: [Common 17-206] Exiting Vivado at Thu Feb 25 11:55:14 2021...
