#-----------------------------------------------------------
# Vivado v2018.3.1 (64-bit)
# SW Build 2489853 on Tue Mar 26 04:20:25 MDT 2019
# IP Build 2486929 on Tue Mar 26 06:44:21 MDT 2019
# Start of session at: Mon Mar 29 11:43:42 2021
# Process ID: 6876
# Current directory: C:/Users/poyisamu/fifoStream
# Command line: vivado.exe -gui_launcher_event rodinguilauncherevent3604 C:\Users\poyisamu\fifoStream\fifoStream.xpr
# Log file: C:/Users/poyisamu/fifoStream/vivado.log
# Journal file: C:/Users/poyisamu/fifoStream\vivado.jou
#-----------------------------------------------------------
start_gui
open_project C:/Users/poyisamu/fifoStream/fifoStream.xpr
Scanning sources...
Finished scanning sources
WARNING: [filemgmt 56-3] IP Repository Path: Could not find the directory 'C:/Users/poyisamu/ip_repo'.
INFO: [IP_Flow 19-234] Refreshing IP repositories
WARNING: [IP_Flow 19-2248] Failed to load user IP repository 'c:/Users/poyisamu/ip_repo'; Can't find the specified path.
If this directory should no longer be in your list of user repositories, go to the IP Settings dialog and remove it.
INFO: [IP_Flow 19-2313] Loaded Vivado IP repository 'C:/DESL/Xilinx/Vivado/2018.3/data/ip'.
WARNING: [BD 41-1661] One or more IPs have been locked in the design 'canteloupe.bd'. Please run report_ip_status for more details and recommendations on how to fix this issue.
List of locked IPs:
canteloupe_run_length_encoder_0_0
canteloupe_zig_zag_0_0
canteloupe_quantizer_0_0
canteloupe_two_dimension_dct_0_0

open_project: Time (s): cpu = 00:00:26 ; elapsed = 00:00:22 . Memory (MB): peak = 971.117 ; gain = 342.117
update_compile_order -fileset sources_1
reset_run synth_1
launch_runs synth_1 -jobs 4
[Mon Mar 29 11:44:43 2021] Launched synth_1...
Run output will be captured here: C:/Users/poyisamu/fifoStream/fifoStream.runs/synth_1/runme.log
open_bd_design {C:/Users/poyisamu/fifoStream/fifoStream.srcs/sources_1/bd/canteloupe/canteloupe.bd}
Adding cell -- xilinx.com:ip:microblaze:11.0 - microblaze_0
Adding cell -- xilinx.com:ip:lmb_v10:3.0 - dlmb_v10
Adding cell -- xilinx.com:ip:lmb_v10:3.0 - ilmb_v10
Adding cell -- xilinx.com:ip:lmb_bram_if_cntlr:4.0 - dlmb_bram_if_cntlr
Adding cell -- xilinx.com:ip:lmb_bram_if_cntlr:4.0 - ilmb_bram_if_cntlr
Adding cell -- xilinx.com:ip:blk_mem_gen:8.4 - lmb_bram
Adding cell -- xilinx.com:ip:axi_interconnect:2.1 - microblaze_0_axi_periph
Adding cell -- xilinx.com:ip:axi_crossbar:2.1 - xbar
Adding cell -- xilinx.com:ip:axi_dwidth_converter:2.1 - auto_us
Adding cell -- xilinx.com:ip:axi_dwidth_converter:2.1 - auto_us
Adding cell -- xilinx.com:ip:axi_dwidth_converter:2.1 - auto_ds
Adding cell -- xilinx.com:ip:axi_dwidth_converter:2.1 - auto_ds
Adding cell -- xilinx.com:ip:axi_clock_converter:2.1 - auto_cc
Adding cell -- xilinx.com:ip:axi_protocol_converter:2.1 - auto_pc
Adding cell -- xilinx.com:ip:axi_dwidth_converter:2.1 - auto_ds
Adding cell -- xilinx.com:ip:axi_intc:4.1 - microblaze_0_axi_intc
Adding cell -- xilinx.com:ip:xlconcat:2.1 - microblaze_0_xlconcat
Adding cell -- xilinx.com:ip:mdm:3.2 - mdm_1
Adding cell -- xilinx.com:ip:clk_wiz:6.0 - clk_wiz_1
Adding cell -- xilinx.com:ip:proc_sys_reset:5.0 - rst_clk_wiz_1_100M
Adding cell -- xilinx.com:ip:axi_uartlite:2.0 - axi_uartlite_0
Adding cell -- xilinx.com:ip:mig_7series:4.2 - mig_7series_0
Adding cell -- xilinx.com:ip:proc_sys_reset:5.0 - rst_mig_7series_0_81M
Adding cell -- xilinx.com:ip:axi_fifo_mm_s:4.2 - axi_fifo_mm_s_0
Adding cell -- xilinx.com:ip:xlconstant:1.1 - xlconstant_0
Adding cell -- xilinx.com:ip:system_ila:1.1 - system_ila_0
Adding cell -- user.org:user:two_dimension_dct:1.1 - two_dimension_dct_0
Adding cell -- user.org:user:quantizer:1.4 - quantizer_0
Adding cell -- user.org:user:zig_zag:1.0 - zig_zag_0
Adding cell -- user.org:user:run_length_encoder:1.0 - run_length_encoder_0
Successfully read diagram <canteloupe> from BD file <C:/Users/poyisamu/fifoStream/fifoStream.srcs/sources_1/bd/canteloupe/canteloupe.bd>
open_bd_design: Time (s): cpu = 00:00:12 ; elapsed = 00:00:08 . Memory (MB): peak = 1838.598 ; gain = 0.000
INFO: [Device 21-403] Loading part xc7a100tcsg324-1
startgroup
set_property -dict [list CONFIG.C_BRAM_CNT {7} CONFIG.C_DATA_DEPTH {2048}] [get_bd_cells system_ila_0]
endgroup
reset_run canteloupe_system_ila_0_0_synth_1
save_bd_design
Wrote  : <C:\Users\poyisamu\fifoStream\fifoStream.srcs\sources_1\bd\canteloupe\canteloupe.bd> 
Wrote  : <C:/Users/poyisamu/fifoStream/fifoStream.srcs/sources_1/bd/canteloupe/ui/bd_b1c4ff06.ui> 
reset_run synth_1
launch_runs synth_1 -jobs 4
WARNING: [Vivado 12-4801] The synthesis checkpoint for IP 'C:/Users/poyisamu/fifoStream/fifoStream.srcs/sources_1/bd/canteloupe/ip/canteloupe_system_ila_0_0/canteloupe_system_ila_0_0.xci' is available but stale and the IP is locked. An out-of-context (OOC) run will be created and/or launched, but synthesis may not be able to complete or could result in incorrect behavior.
Please select 'Report IP Status' from the 'Tools/Report' menu or run Tcl command 'report_ip_status' for more information.
WARNING: [Runs 36-337] The following IPs are either missing output products or output products are not up-to-date for Synthesis target. Since these IPs are locked, no update to the output products can be done. 
Please select 'Report IP Status' from the 'Tools/Report' menu or run Tcl command 'report_ip_status' for more information.
C:/Users/poyisamu/fifoStream/fifoStream.srcs/sources_1/bd/canteloupe/canteloupe.bd

WARNING: [Runs 36-337] The following IPs are either missing output products or output products are not up-to-date for Implementation target. Since these IPs are locked, no update to the output products can be done. 
Please select 'Report IP Status' from the 'Tools/Report' menu or run Tcl command 'report_ip_status' for more information.
C:/Users/poyisamu/fifoStream/fifoStream.srcs/sources_1/bd/canteloupe/canteloupe.bd

[Mon Mar 29 11:46:44 2021] Launched canteloupe_system_ila_0_0_synth_1...
Run output will be captured here: C:/Users/poyisamu/fifoStream/fifoStream.runs/canteloupe_system_ila_0_0_synth_1/runme.log
[Mon Mar 29 11:46:44 2021] Launched synth_1...
Run output will be captured here: C:/Users/poyisamu/fifoStream/fifoStream.runs/synth_1/runme.log
startgroup
set_property -dict [list CONFIG.C_BRAM_CNT {2} CONFIG.C_DATA_DEPTH {1024}] [get_bd_cells system_ila_0]
endgroup
reset_run canteloupe_system_ila_0_0_synth_1
save_bd_design
Wrote  : <C:\Users\poyisamu\fifoStream\fifoStream.srcs\sources_1\bd\canteloupe\canteloupe.bd> 
reset_run synth_1
launch_runs synth_1 -jobs 4
WARNING: [Vivado 12-4802] The synthesis checkpoint for IP 'C:/Users/poyisamu/fifoStream/fifoStream.srcs/sources_1/bd/canteloupe/ip/canteloupe_system_ila_0_0/canteloupe_system_ila_0_0.xci' is not generated and IP is locked. An out-of-context (OOC) run will be created and/or launched, but synthesis may not be able to complete or could result in incorrect behavior.
Please select 'Report IP Status' from the 'Tools/Report' menu or run Tcl command 'report_ip_status' for more information.
WARNING: [Runs 36-337] The following IPs are either missing output products or output products are not up-to-date for Synthesis target. Since these IPs are locked, no update to the output products can be done. 
Please select 'Report IP Status' from the 'Tools/Report' menu or run Tcl command 'report_ip_status' for more information.
C:/Users/poyisamu/fifoStream/fifoStream.srcs/sources_1/bd/canteloupe/canteloupe.bd

WARNING: [Runs 36-337] The following IPs are either missing output products or output products are not up-to-date for Implementation target. Since these IPs are locked, no update to the output products can be done. 
Please select 'Report IP Status' from the 'Tools/Report' menu or run Tcl command 'report_ip_status' for more information.
C:/Users/poyisamu/fifoStream/fifoStream.srcs/sources_1/bd/canteloupe/canteloupe.bd

[Mon Mar 29 11:50:22 2021] Launched canteloupe_system_ila_0_0_synth_1...
Run output will be captured here: C:/Users/poyisamu/fifoStream/fifoStream.runs/canteloupe_system_ila_0_0_synth_1/runme.log
[Mon Mar 29 11:50:22 2021] Launched synth_1...
Run output will be captured here: C:/Users/poyisamu/fifoStream/fifoStream.runs/synth_1/runme.log
delete_bd_objs [get_bd_intf_nets run_length_encoder_0_o_axis] [get_bd_cells system_ila_0]
save_bd_design
Wrote  : <C:\Users\poyisamu\fifoStream\fifoStream.srcs\sources_1\bd\canteloupe\canteloupe.bd> 
Wrote  : <C:/Users/poyisamu/fifoStream/fifoStream.srcs/sources_1/bd/canteloupe/ui/bd_b1c4ff06.ui> 
reset_run synth_1
launch_runs synth_1 -jobs 4
WARNING: [Runs 36-337] The following IPs are either missing output products or output products are not up-to-date for Synthesis target. Since these IPs are locked, no update to the output products can be done. 
Please select 'Report IP Status' from the 'Tools/Report' menu or run Tcl command 'report_ip_status' for more information.
C:/Users/poyisamu/fifoStream/fifoStream.srcs/sources_1/bd/canteloupe/canteloupe.bd

WARNING: [Runs 36-337] The following IPs are either missing output products or output products are not up-to-date for Implementation target. Since these IPs are locked, no update to the output products can be done. 
Please select 'Report IP Status' from the 'Tools/Report' menu or run Tcl command 'report_ip_status' for more information.
C:/Users/poyisamu/fifoStream/fifoStream.srcs/sources_1/bd/canteloupe/canteloupe.bd

[Mon Mar 29 11:52:06 2021] Launched synth_1...
Run output will be captured here: C:/Users/poyisamu/fifoStream/fifoStream.runs/synth_1/runme.log
open_hw
open_bd_design {C:/Users/poyisamu/fifoStream/fifoStream.srcs/sources_1/bd/canteloupe/canteloupe.bd}
exit
INFO: [Common 17-206] Exiting Vivado at Mon Mar 29 11:54:15 2021...
