#-----------------------------------------------------------
# Vivado v2018.3.1 (64-bit)
# SW Build 2489853 on Tue Mar 26 04:20:25 MDT 2019
# IP Build 2486929 on Tue Mar 26 06:44:21 MDT 2019
# Start of session at: Wed Mar 31 04:46:48 2021
# Process ID: 9164
# Current directory: C:/Users/poyisamu/fifoStream
# Command line: vivado.exe -gui_launcher_event rodinguilauncherevent9244 C:\Users\poyisamu\fifoStream\fifoStream.xpr
# Log file: C:/Users/poyisamu/fifoStream/vivado.log
# Journal file: C:/Users/poyisamu/fifoStream\vivado.jou
#-----------------------------------------------------------
start_gui
open_project C:/Users/poyisamu/fifoStream/fifoStream.xpr
Scanning sources...
Finished scanning sources
INFO: [IP_Flow 19-234] Refreshing IP repositories
INFO: [IP_Flow 19-1700] Loaded user IP repository 'w:/ip_repo'.
INFO: [IP_Flow 19-1700] Loaded user IP repository 'w:/TEMAC_FPGA1_no_xdc'.
INFO: [IP_Flow 19-2313] Loaded Vivado IP repository 'C:/DESL/Xilinx/Vivado/2018.3/data/ip'.
CRITICAL WARNING: [IP_Flow 19-1663] Duplicate IP found for 'user.org:user:fpga1_deployment_receiving_block:1.0'. The one found in IP location 'w:/ip_repo/fpga1_deployment_receiving_block' will take precedence over the same IP in location w:/ip_repo/ip_repo/fpga1_deployment_receiving_block
CRITICAL WARNING: [IP_Flow 19-1663] Duplicate IP found for 'user.org:user:path_switch:1.0'. The one found in IP location 'w:/ip_repo/ip_path_switch' will take precedence over the same IP in location w:/ip_repo/ip_repo/ip_path_switch
CRITICAL WARNING: [IP_Flow 19-1663] Duplicate IP found for 'user.org:user:transpose:1.0'. The one found in IP location 'w:/ip_repo/ip_repo/ip_transpose' will take precedence over the same IP in location w:/ip_repo/ip_transpose
open_project: Time (s): cpu = 00:00:28 ; elapsed = 00:00:25 . Memory (MB): peak = 910.707 ; gain = 280.820
update_compile_order -fileset sources_1
launch_sdk -workspace C:/Users/poyisamu/fifoStream/fifoStream.sdk -hwspec C:/Users/poyisamu/fifoStream/fifoStream.sdk/canteloupe_wrapper.hdf
INFO: [Vivado 12-393] Launching SDK...
INFO: [Vivado 12-417] Running xsdk -workspace C:/Users/poyisamu/fifoStream/fifoStream.sdk -hwspec C:/Users/poyisamu/fifoStream/fifoStream.sdk/canteloupe_wrapper.hdf
INFO: [Vivado 12-3157] SDK launch initiated. Please check console for any further messages.
