Vivado Simulator 2018.3
Copyright 1986-1999, 2001-2018 Xilinx, Inc. All Rights Reserved.
Running: D:/Xilinx/Vivado/2018.3/bin/unwrapped/win64.o/xelab.exe -wto f3cdb07dfb0d461d941b2fd89bd4cd5e --incr --debug typical --relax --mt 2 -L xbip_utils_v3_0_9 -L xbip_pipe_v3_0_5 -L xbip_bram18k_v3_0_5 -L mult_gen_v12_0_14 -L axi_lite_ipif_v3_0_4 -L tri_mode_ethernet_mac_v9_0_13 -L xil_defaultlib -L unisims_ver -L unimacro_ver -L secureip -L xpm --snapshot demo_tb_behav xil_defaultlib.demo_tb xil_defaultlib.glbl -log elaborate.log 
Using 2 slave threads.
Starting static elaboration
Completed static elaboration
Starting simulation data flow analysis
Completed simulation data flow analysis
Time Resolution for simulation is 1ps
Compiling package std.standard
Compiling package std.textio
Compiling package ieee.std_logic_1164
Compiling package ieee.numeric_std
Compiling package ieee.std_logic_arith
Compiling package ieee.std_logic_unsigned
Compiling package axi_lite_ipif_v3_0_4.ipif_pkg
Compiling package synopsys.attributes
Compiling package ieee.std_logic_misc
Compiling package unisim.vcomponents
Compiling package ieee.vital_timing
Compiling package ieee.vital_primitives
Compiling package unisim.vpkg
Compiling package tri_mode_ethernet_mac_v9_0_13.tx_pack
Compiling package tri_mode_ethernet_mac_v9_0_13.common_pack
Compiling package tri_mode_ethernet_mac_v9_0_13.ptp_pack
Compiling package tri_mode_ethernet_mac_v9_0_13.rx_pack
Compiling package tri_mode_ethernet_mac_v9_0_13.ethernet_statistics_pack
Compiling module xil_defaultlib.tri_mode_ethernet_mac_2_frame_ty...
Compiling module unisims_ver.IBUF
Compiling module unisims_ver.MMCME2_ADV(CLKFBOUT_MULT_F=10.0,...
Compiling module unisims_ver.BUFG
Compiling module xil_defaultlib.clk_wiz_0_clk_wiz
Compiling module xil_defaultlib.clk_wiz_0
Compiling module unisims_ver.FDRE_default
Compiling module xil_defaultlib.tri_mode_ethernet_mac_2_sync_blo...
Compiling module unisims_ver.FDPE_default
Compiling module xil_defaultlib.tri_mode_ethernet_mac_2_reset_sy...
Compiling module xil_defaultlib.tri_mode_ethernet_mac_2_example_...
Compiling module xil_defaultlib.tri_mode_ethernet_mac_2_axi_lite...
Compiling module unisims_ver.IOBUF
Compiling module unisims_ver.OBUF
Compiling module unisims_ver.BUFR_default
Compiling module xil_defaultlib.tri_mode_ethernet_mac_2_mii_if_d...
Compiling architecture imp of entity axi_lite_ipif_v3_0_4.address_decoder [\address_decoder(c_bus_awidth=11...]
Compiling architecture imp of entity axi_lite_ipif_v3_0_4.slave_attachment [\slave_attachment(c_ard_addr_ran...]
Compiling architecture imp of entity axi_lite_ipif_v3_0_4.axi_lite_ipif [\axi_lite_ipif(c_s_axi_min_size=...]
Compiling architecture rtl of entity xil_defaultlib.tri_mode_ethernet_mac_2_axi4_lite_ipif_top [tri_mode_ethernet_mac_2_axi4_lit...]
Compiling module xil_defaultlib.tri_mode_ethernet_mac_2_axi4_lit...
Compiling module xil_defaultlib.tri_mode_ethernet_mac_2_vector_d...
Compiling architecture rtl of entity tri_mode_ethernet_mac_v9_0_13.tri_mode_ethernet_mac_v9_0_13_sync_reset [tri_mode_ethernet_mac_v9_0_13_sy...]
Compiling architecture rtl of entity tri_mode_ethernet_mac_v9_0_13.tri_mode_ethernet_mac_v9_0_13_sync_reset [\tri_mode_ethernet_mac_v9_0_13_s...]
Compiling module tri_mode_ethernet_mac_v9_0_13.tri_mode_ethernet_mac_v9_0_13_gm...
Compiling module tri_mode_ethernet_mac_v9_0_13.tri_mode_ethernet_mac_v9_0_13_gm...
Compiling module tri_mode_ethernet_mac_v9_0_13.tri_mode_ethernet_mac_v9_0_13_ip...
Compiling module tri_mode_ethernet_mac_v9_0_13.tri_mode_ethernet_mac_v9_0_13_tx...
Compiling module tri_mode_ethernet_mac_v9_0_13.tri_mode_ethernet_mac_v9_0_13_rx...
Compiling module tri_mode_ethernet_mac_v9_0_13.tri_mode_ethernet_mac_v9_0_13_rx...
Compiling module unisims_ver.LUT4
Compiling module tri_mode_ethernet_mac_v9_0_13.tri_mode_ethernet_mac_v9_0_13_tx...
Compiling module tri_mode_ethernet_mac_v9_0_13.tri_mode_ethernet_mac_v9_0_13_pf...
Compiling module tri_mode_ethernet_mac_v9_0_13.tri_mode_ethernet_mac_v9_0_13_rx...
Compiling architecture fdre_v of entity unisim.FDRE [fdre_default]
Compiling architecture structural of entity tri_mode_ethernet_mac_v9_0_13.tri_mode_ethernet_mac_v9_0_13_sync_block [tri_mode_ethernet_mac_v9_0_13_sy...]
Compiling module tri_mode_ethernet_mac_v9_0_13.tri_mode_ethernet_mac_v9_0_13_tx...
Compiling module tri_mode_ethernet_mac_v9_0_13.tri_mode_ethernet_mac_v9_0_13_co...
Compiling architecture muxcy_v of entity unisim.MUXCY [muxcy_default]
Compiling architecture fdce_v of entity unisim.FDCE [fdce_default]
Compiling architecture lut2_v of entity unisim.LUT2 [\LUT2(init="1000")(0,3)\]
Compiling architecture vcc_v of entity unisim.VCC [vcc_default]
Compiling architecture gnd_v of entity unisim.GND [gnd_default]
Compiling architecture xorcy_v of entity unisim.XORCY [xorcy_default]
Compiling architecture schematic of entity tri_mode_ethernet_mac_v9_0_13.CC8CE [cc8ce_default]
Compiling architecture schematic of entity tri_mode_ethernet_mac_v9_0_13.CC2CE [cc2ce_default]
Compiling architecture rtl of entity tri_mode_ethernet_mac_v9_0_13.CRC_64_32 [crc_64_32_default]
Compiling architecture rtl of entity tri_mode_ethernet_mac_v9_0_13.CRC32_8 [crc32_8_default]
Compiling architecture rtl of entity tri_mode_ethernet_mac_v9_0_13.TX_STATE_MACH [\TX_STATE_MACH(c_half_duplex=fal...]
Compiling architecture srl16e_v of entity unisim.SRL16E [\SRL16E(0,15)\]
Compiling architecture rtl of entity tri_mode_ethernet_mac_v9_0_13.tri_mode_ethernet_mac_v9_0_13_tx [\tri_mode_ethernet_mac_v9_0_13_t...]
Compiling architecture rtl of entity tri_mode_ethernet_mac_v9_0_13.STATE_MACHINES [state_machines_default]
Compiling architecture rtl of entity tri_mode_ethernet_mac_v9_0_13.DECODE_FRAME [decode_frame_default]
Compiling architecture rtl of entity tri_mode_ethernet_mac_v9_0_13.PARAM_CHECK [param_check_default]
Compiling architecture rtl of entity tri_mode_ethernet_mac_v9_0_13.tri_mode_ethernet_mac_v9_0_13_rx [\tri_mode_ethernet_mac_v9_0_13_r...]
Compiling module tri_mode_ethernet_mac_v9_0_13.tri_mode_ethernet_mac_v9_0_13_co...
Compiling module tri_mode_ethernet_mac_v9_0_13.tri_mode_ethernet_mac_v9_0_13_mi...
Compiling module tri_mode_ethernet_mac_v9_0_13.tri_mode_ethernet_mac_v9_0_13_ma...
Compiling module tri_mode_ethernet_mac_v9_0_13.tri_mode_ethernet_mac_v9_0_13_in...
Compiling architecture ram64x1d_v of entity unisim.RAM64X1D [ram64x1d_default]
Compiling architecture rtl of entity tri_mode_ethernet_mac_v9_0_13.increment_controller [increment_controller_default]
Compiling architecture rtl of entity tri_mode_ethernet_mac_v9_0_13.pre_accumulator [pre_accumulator_default]
Compiling architecture rtl of entity tri_mode_ethernet_mac_v9_0_13.tri_mode_ethernet_mac_v9_0_13_statistics_core [\tri_mode_ethernet_mac_v9_0_13_s...]
Compiling module unisims_ver.RAM64X1D
Compiling module tri_mode_ethernet_mac_v9_0_13.tri_mode_ethernet_mac_v9_0_13_ad...
Compiling module unisims_ver.x_lut3_mux8
Compiling module unisims_ver.LUT3
Compiling module unisims_ver.SRL16E_default
Compiling module tri_mode_ethernet_mac_v9_0_13.tri_mode_ethernet_mac_v9_0_13_ad...
Compiling module tri_mode_ethernet_mac_v9_0_13.tri_mode_ethernet_mac_v9_0_13_ad...
Compiling module tri_mode_ethernet_mac_v9_0_13.tri_mode_ethernet_mac_v9_0_13(C_...
Compiling module xil_defaultlib.tri_mode_ethernet_mac_2_block
Compiling module xil_defaultlib.tri_mode_ethernet_mac_2
Compiling module xil_defaultlib.tri_mode_ethernet_mac_2_support
Compiling module xil_defaultlib.tri_mode_ethernet_mac_2_bram_tdp...
Compiling module xil_defaultlib.tri_mode_ethernet_mac_2_tx_clien...
Compiling module xil_defaultlib.tri_mode_ethernet_mac_2_rx_clien...
Compiling module xil_defaultlib.tri_mode_ethernet_mac_2_ten_100_...
Compiling module xil_defaultlib.tri_mode_ethernet_mac_2_fifo_blo...
Compiling module unisims_ver.LUT6
Compiling module xil_defaultlib.tri_mode_ethernet_mac_2_axi_pat_...
Compiling module xil_defaultlib.tri_mode_ethernet_mac_2_axi_pat_...
Compiling module xil_defaultlib.tri_mode_ethernet_mac_2_axi_mux
Compiling module xil_defaultlib.tri_mode_ethernet_mac_2_axi_pipe...
Compiling module xil_defaultlib.tri_mode_ethernet_mac_2_address_...
Compiling module xil_defaultlib.tri_mode_ethernet_mac_2_basic_pa...
Compiling module xil_defaultlib.tri_mode_ethernet_mac_2_example_...
Compiling module xil_defaultlib.demo_tb
Compiling module xil_defaultlib.glbl
Built simulation snapshot demo_tb_behav
